#
# A fatal error has been detected by the Java Runtime Environment:
#
#  SIGSEGV (0xb) at pc=0x0000000108ccfd10, pid=8869, tid=13063
#
# JRE version: Java(TM) SE Runtime Environment (8.0_45-b14) (build 1.8.0_45-b14)
# Java VM: Java HotSpot(TM) 64-Bit Server VM (25.45-b02 mixed mode bsd-amd64 compressed oops)
# Problematic frame:
# V  [libjvm.dylib+0x432d10]  Method::checked_resolve_jmethod_id(_jmethodID*)+0xe
#
# Failed to write core dump. Core dumps have been disabled. To enable core dumping, try "ulimit -c unlimited" before starting Java again
#
# If you would like to submit a bug report, please visit:
#   http://bugreport.java.com/bugreport/crash.jsp
#

---------------  T H R E A D  ---------------

Current thread (0x00007f7f25010000):  JavaThread "JDWP Transport Listener: dt_socket" daemon [_thread_in_vm, id=13063, stack(0x000070000702b000,0x000070000712b000)]

siginfo: si_signo: 11 (SIGSEGV), si_code: 0 (unknown), si_addr: 0x0000000000000000

Registers:
RAX=0x0000000000000001, RBX=0x000070000712aa8b, RCX=0x0000000109097190, RDX=0x000070000712aa8b
RSP=0x000070000712a9d0, RBP=0x000070000712a9e0, RSI=0x00007f7f25010000, RDI=0x616a4c1200000072
R8 =0x0000000000000003, R9 =0x0000000000000000, R10=0x000007f7f24004d8, R11=0x0000000000000004
R12=0x00007f7f25010000, R13=0x616a4c1200000072, R14=0x616a4c1200000072, R15=0x00007f7f24100220
RIP=0x0000000108ccfd10, EFLAGS=0x0000000000010206, ERR=0x0000000000000000
  TRAPNO=0x000000000000000d

Top of Stack: (sp=0x000070000712a9d0)
0x000070000712a9d0:   000070000712aa8b 000070000712aa8b
0x000070000712a9e0:   000070000712aa40 0000000108be00d6
0x000070000712a9f0:   00007f7f25010000 0000000000000000
0x000070000712aa00:   0000000000000000 0000000000000000
0x000070000712aa10:   00007f7f25010000 00007f7f25010000
0x000070000712aa20:   000070000712aa8b 000070000712aa90
0x000070000712aa30:   616a4c1200000072 000000000000000d
0x000070000712aa40:   000070000712aa60 0000000106967780
0x000070000712aa50:   0000000000000001 000070000712ab08
0x000070000712aa60:   000070000712aad0 000000010694c1f3
0x000070000712aa70:   000070000712aaa0 00007f7f240146d0
0x000070000712aa80:   0000000f00000032 000000020012ab08
0x000070000712aa90:   0000000000000000 0000000000000000
0x000070000712aaa0:   0000000000000000 000070000712ac90
0x000070000712aab0:   000000010696ee7a 00007f7f20d12050
0x000070000712aac0:   000070000712ab08 000000010697a598
0x000070000712aad0:   000070000712aae0 000000010694c2ec
0x000070000712aae0:   000070000712ad00 0000000106955898
0x000070000712aaf0:   00043ffd00000013 00000000000f0200
0x000070000712ab00:   00007f7f20d19760 00007f7f25009346
0x000070000712ab10:   000000000000036a 00007f7f24004d60
0x000070000712ab20:   000001000000012c 000070000712ab58
0x000070000712ab30:   00007f7f24004d40 00007f0000000000
0x000070000712ab40:   00043ffd0000000f 00007f7f00001080
0x000070000712ab50:   000070000712ab58 7f7f00000f000000
0x000070000712ab60:   14000000d8a31124 6341657461657263
0x000070000712ab70:   646e69466e6f6974 3a0000006d657449
0x000070000712ab80:   6c2f6176616a4c28 697274532f676e61
0x000070000712ab90:   6176616a4c3b676e 74532f676e616c2f
0x000070000712aba0:   634c293b676e6972 6d2f72656c776172
0x000070000712abb0:   6574492f6c65646f 0000000000003b6d
0x000070000712abc0:   13247f7f00000100 616c11000000f805 

Instructions: (pc=0x0000000108ccfd10)
0x0000000108ccfcf0:   40 48 48 85 c0 75 e0 30 c0 0f b6 c0 5d c3 31 c0
0x0000000108ccfd00:   5d c3 55 48 89 e5 53 48 83 ec 08 48 85 ff 74 24
0x0000000108ccfd10:   48 8b 1f 48 85 db 74 1c 48 83 fb 37 74 16 48 8b
0x0000000108ccfd20:   03 48 89 df ff 50 10 84 c0 b8 00 00 00 00 48 0f 

Register to memory mapping:

RAX=0x0000000000000001 is an unknown value
RBX=0x000070000712aa8b is pointing into the stack for thread: 0x00007f7f25010000
RCX=0x0000000109097190: UseMembar+0 in /Library/Java/JavaVirtualMachines/jdk1.8.0_45.jdk/Contents/Home/jre/lib/server/libjvm.dylib at 0x000000010889d000
RDX=0x000070000712aa8b is pointing into the stack for thread: 0x00007f7f25010000
RSP=0x000070000712a9d0 is pointing into the stack for thread: 0x00007f7f25010000
RBP=0x000070000712a9e0 is pointing into the stack for thread: 0x00007f7f25010000
RSI=0x00007f7f25010000 is a thread
RDI=0x616a4c1200000072 is an unknown value
R8 =0x0000000000000003 is an unknown value
R9 =0x0000000000000000 is an unknown value
R10=0x000007f7f24004d8 is an unknown value
R11=0x0000000000000004 is an unknown value
R12=0x00007f7f25010000 is a thread
R13=0x616a4c1200000072 is an unknown value
R14=0x616a4c1200000072 is an unknown value
R15=0x00007f7f24100220 is an unknown value


Stack: [0x000070000702b000,0x000070000712b000],  sp=0x000070000712a9d0,  free space=1022k
Native frames: (J=compiled Java code, j=interpreted, Vv=VM code, C=native code)
V  [libjvm.dylib+0x432d10]  Method::checked_resolve_jmethod_id(_jmethodID*)+0xe
V  [libjvm.dylib+0x3430d6]  jvmti_IsMethodSynthetic+0xb2
C  [libjdwp.dylib+0x20780]  isMethodSynthetic+0x63
C  [libjdwp.dylib+0x51f3]  methods1+0x10b
C  [libjdwp.dylib+0x52ec]  methodsWithGeneric+0xe
C  [libjdwp.dylib+0xe898]  debugLoop_run+0x1ce
C  [libjdwp.dylib+0x1f6ba]  attachThread+0x4d
V  [libjvm.dylib+0x38401c]  JvmtiAgentThread::call_start_function()+0x38
V  [libjvm.dylib+0x549acf]  JavaThread::thread_main_inner()+0x9b
V  [libjvm.dylib+0x54b1c0]  JavaThread::run()+0x1c2
V  [libjvm.dylib+0x46ea7e]  java_start(Thread*)+0xf6
C  [libsystem_pthread.dylib+0x36c1]  _pthread_body+0x154
C  [libsystem_pthread.dylib+0x356d]  _pthread_body+0x0
C  [libsystem_pthread.dylib+0x2c5d]  thread_start+0xd
C  0x0000000000000000


---------------  P R O C E S S  ---------------

Java Threads: ( => current thread )
  0x00007f7f2184c000 JavaThread "Service Thread" daemon [_thread_blocked, id=22275, stack(0x0000700007740000,0x0000700007840000)]
  0x00007f7f2484d000 JavaThread "C1 CompilerThread3" daemon [_thread_blocked, id=43267, stack(0x000070000763d000,0x000070000773d000)]
  0x00007f7f2484c000 JavaThread "C2 CompilerThread2" daemon [_thread_blocked, id=15363, stack(0x000070000753a000,0x000070000763a000)]
  0x00007f7f21028000 JavaThread "C2 CompilerThread1" daemon [_thread_blocked, id=14851, stack(0x0000700007437000,0x0000700007537000)]
  0x00007f7f2282b000 JavaThread "C2 CompilerThread0" daemon [_thread_blocked, id=15619, stack(0x0000700007334000,0x0000700007434000)]
  0x00007f7f21827000 JavaThread "JDWP Command Reader" daemon [_thread_in_native, id=14083, stack(0x0000700007231000,0x0000700007331000)]
  0x00007f7f22006000 JavaThread "JDWP Event Helper Thread" daemon [_thread_blocked, id=13571, stack(0x000070000712e000,0x000070000722e000)]
=>0x00007f7f25010000 JavaThread "JDWP Transport Listener: dt_socket" daemon [_thread_in_vm, id=13063, stack(0x000070000702b000,0x000070000712b000)]
  0x00007f7f24819800 JavaThread "Signal Dispatcher" daemon [_thread_blocked, id=15879, stack(0x0000700006f28000,0x0000700007028000)]
  0x00007f7f24801800 JavaThread "Finalizer" daemon [_thread_blocked, id=18691, stack(0x0000700006e25000,0x0000700006f25000)]
  0x00007f7f23019000 JavaThread "Reference Handler" daemon [_thread_blocked, id=19203, stack(0x0000700006d22000,0x0000700006e22000)]
  0x00007f7f24803000 JavaThread "main" [_thread_blocked, id=9987, stack(0x0000700006304000,0x0000700006404000)]

Other Threads:
  0x00007f7f2280f000 VMThread [stack: 0x0000700006c1f000,0x0000700006d1f000] [id=12035]
  0x00007f7f2184d000 WatcherThread [stack: 0x0000700007843000,0x0000700007943000] [id=22787]

VM state:not at safepoint (normal execution)

VM Mutex/Monitor currently owned by a thread: None

Heap:
 PSYoungGen      total 76288K, used 26237K [0x000000076ab00000, 0x0000000770000000, 0x00000007c0000000)
  eden space 65536K, 40% used [0x000000076ab00000,0x000000076c49f470,0x000000076eb00000)
  from space 10752K, 0% used [0x000000076f580000,0x000000076f580000,0x0000000770000000)
  to   space 10752K, 0% used [0x000000076eb00000,0x000000076eb00000,0x000000076f580000)
 ParOldGen       total 175104K, used 0K [0x00000006c0000000, 0x00000006cab00000, 0x000000076ab00000)
  object space 175104K, 0% used [0x00000006c0000000,0x00000006c0000000,0x00000006cab00000)
 Metaspace       used 7012K, capacity 7082K, committed 7296K, reserved 1056768K
  class space    used 823K, capacity 849K, committed 896K, reserved 1048576K

Card table byte_map: [0x0000000107e00000,0x0000000108601000] byte_map_base: 0x0000000104800000

Marking Bits: (ParMarkBitMap*) 0x000000010915f7a0
 Begin Bits: [0x0000000118d5c000, 0x000000011cd5c000)
 End Bits:   [0x000000011cd5c000, 0x0000000120d5c000)

Polling page: 0x0000000106946000

CodeCache: size=245760Kb used=2776Kb max_used=2810Kb free=242983Kb
 bounds [0x0000000109806000, 0x0000000109ad6000, 0x0000000118806000]
 total_blobs=898 nmethods=625 adapters=195
 compilation: enabled

Compilation events (10 events):
Event: 36.023 Thread 0x00007f7f21028000 nmethod 628 0x0000000109abb3d0 code [0x0000000109abb560, 0x0000000109abb878]
Event: 36.028 Thread 0x00007f7f2484c000 nmethod 629 0x0000000109ac1110 code [0x0000000109ac12a0, 0x0000000109ac18b8]
Event: 38.461 Thread 0x00007f7f2484d000  630       1       java.util.Collections$EmptyList::isEmpty (2 bytes)
Event: 38.461 Thread 0x00007f7f2484d000 nmethod 630 0x0000000109abb110 code [0x0000000109abb260, 0x0000000109abb370]
Event: 39.553 Thread 0x00007f7f2484d000  631       3       org.jsoup.select.NodeTraversor::traverse (90 bytes)
Event: 39.553 Thread 0x00007f7f2484d000 nmethod 631 0x0000000109abfe90 code [0x0000000109ac00c0, 0x0000000109ac0d18]
Event: 43.598 Thread 0x00007f7f2484d000  632       1       org.jsoup.nodes.Document::outputSettings (5 bytes)
Event: 43.598 Thread 0x00007f7f2484d000 nmethod 632 0x000000010991c990 code [0x000000010991cae0, 0x000000010991cbf0]
Event: 47.669 Thread 0x00007f7f2484d000  633       1       java.nio.charset.CharsetEncoder::charset (5 bytes)
Event: 47.669 Thread 0x00007f7f2484d000 nmethod 633 0x000000010991c690 code [0x000000010991c7e0, 0x000000010991c8f0]

GC Heap History (0 events):
No events

Deoptimization events (0 events):
No events

Internal exceptions (7 events):
Event: 0.069 Thread 0x00007f7f24803000 Exception <a 'java/lang/NoSuchMethodError': Method sun.misc.Unsafe.defineClass(Ljava/lang/String;[BII)Ljava/lang/Class; name or signature does not match> (0x000000076ab12c10) thrown at [/Users/java_re/workspace/8-2-build-macosx-x86_64/jdk8u45/3457/hotspot
Event: 0.069 Thread 0x00007f7f24803000 Exception <a 'java/lang/NoSuchMethodError': Method sun.misc.Unsafe.prefetchRead(Ljava/lang/Object;J)V name or signature does not match> (0x000000076ab12ea0) thrown at [/Users/java_re/workspace/8-2-build-macosx-x86_64/jdk8u45/3457/hotspot/src/share/vm/prim
Event: 0.310 Thread 0x00007f7f24803000 Exception <a 'java/io/FileNotFoundException'> (0x000000076affb190) thrown at [/Users/java_re/workspace/8-2-build-macosx-x86_64/jdk8u45/3457/hotspot/src/share/vm/prims/jni.cpp, line 709]
Event: 0.349 Thread 0x00007f7f24803000 Exception <a 'java/security/PrivilegedActionException'> (0x000000076b195268) thrown at [/Users/java_re/workspace/8-2-build-macosx-x86_64/jdk8u45/3457/hotspot/src/share/vm/prims/jvm.cpp, line 1382]
Event: 0.349 Thread 0x00007f7f24803000 Exception <a 'java/security/PrivilegedActionException'> (0x000000076b195420) thrown at [/Users/java_re/workspace/8-2-build-macosx-x86_64/jdk8u45/3457/hotspot/src/share/vm/prims/jvm.cpp, line 1382]
Event: 0.349 Thread 0x00007f7f24803000 Exception <a 'java/security/PrivilegedActionException'> (0x000000076b198610) thrown at [/Users/java_re/workspace/8-2-build-macosx-x86_64/jdk8u45/3457/hotspot/src/share/vm/prims/jvm.cpp, line 1382]
Event: 0.349 Thread 0x00007f7f24803000 Exception <a 'java/security/PrivilegedActionException'> (0x000000076b1987c8) thrown at [/Users/java_re/workspace/8-2-build-macosx-x86_64/jdk8u45/3457/hotspot/src/share/vm/prims/jvm.cpp, line 1382]

Events (10 events):
Event: 1810.332 Executing VM operation: ChangeBreakpoints
Event: 1810.332 Executing VM operation: ChangeBreakpoints done
Event: 1810.332 Executing VM operation: ChangeBreakpoints
Event: 1810.332 Executing VM operation: ChangeBreakpoints done
Event: 1814.168 Thread 0x00007f7f25010000 DEOPT PACKING pc=0x00000001099f442c sp=0x0000700007129540
Event: 1814.168 Thread 0x00007f7f25010000 DEOPT UNPACKING pc=0x000000010984d633 sp=0x0000700007129298 mode 1
Event: 1814.174 Executing VM operation: RedefineClasses
Event: 1814.179 Executing VM operation: RedefineClasses done
Event: 1814.181 Executing VM operation: GetOrSetLocal
Event: 1814.181 Executing VM operation: GetOrSetLocal done


Dynamic libraries:
0x00000000246cb000 	/System/Library/Frameworks/Cocoa.framework/Versions/A/Cocoa
0x00000000246cb000 	/System/Library/Frameworks/Security.framework/Versions/A/Security
0x00000000246cb000 	/System/Library/Frameworks/ApplicationServices.framework/Versions/A/ApplicationServices
0x00000000246cb000 	/usr/lib/libz.1.dylib
0x00000000246cb000 	/usr/lib/libSystem.B.dylib
0x00000000246cb000 	/usr/lib/libobjc.A.dylib
0x00000000246cb000 	/System/Library/Frameworks/CoreFoundation.framework/Versions/A/CoreFoundation
0x00000000246cb000 	/System/Library/Frameworks/Foundation.framework/Versions/C/Foundation
0x00000000246cb000 	/System/Library/Frameworks/AppKit.framework/Versions/C/AppKit
0x00000000246cb000 	/System/Library/Frameworks/CoreData.framework/Versions/A/CoreData
0x00000000246cb000 	/System/Library/PrivateFrameworks/RemoteViewServices.framework/Versions/A/RemoteViewServices
0x00000000246cb000 	/System/Library/PrivateFrameworks/UIFoundation.framework/Versions/A/UIFoundation
0x00000000246cb000 	/System/Library/PrivateFrameworks/DFRFoundation.framework/Versions/A/DFRFoundation
0x00000000246cb000 	/System/Library/Frameworks/Metal.framework/Versions/A/Metal
0x00000000246cb000 	/System/Library/PrivateFrameworks/DesktopServicesPriv.framework/Versions/A/DesktopServicesPriv
0x00000000246cb000 	/usr/lib/libenergytrace.dylib
0x00000000246cb000 	/System/Library/PrivateFrameworks/SkyLight.framework/Versions/A/SkyLight
0x00000000246cb000 	/System/Library/Frameworks/CoreGraphics.framework/Versions/A/CoreGraphics
0x00000000246cb000 	/usr/lib/libScreenReader.dylib
0x00000000246cb000 	/System/Library/Frameworks/Accelerate.framework/Versions/A/Accelerate
0x00000000246cb000 	/System/Library/Frameworks/IOSurface.framework/Versions/A/IOSurface
0x00000000246cb000 	/System/Library/Frameworks/AudioToolbox.framework/Versions/A/AudioToolbox
0x00000000246cb000 	/System/Library/Frameworks/AudioUnit.framework/Versions/A/AudioUnit
0x00000000246cb000 	/System/Library/PrivateFrameworks/DataDetectorsCore.framework/Versions/A/DataDetectorsCore
0x00000000246cb000 	/System/Library/Frameworks/Carbon.framework/Versions/A/Frameworks/HIToolbox.framework/Versions/A/HIToolbox
0x00000000246cb000 	/usr/lib/libicucore.A.dylib
0x00000000246cb000 	/System/Library/Frameworks/QuartzCore.framework/Versions/A/QuartzCore
0x00000000246cb000 	/System/Library/Frameworks/Carbon.framework/Versions/A/Frameworks/SpeechRecognition.framework/Versions/A/SpeechRecognition
0x00000000246cb000 	/usr/lib/libauto.dylib
0x00000000246cb000 	/usr/lib/libxml2.2.dylib
0x00000000246cb000 	/System/Library/PrivateFrameworks/CoreUI.framework/Versions/A/CoreUI
0x00000000246cb000 	/System/Library/Frameworks/CoreAudio.framework/Versions/A/CoreAudio
0x00000000246cb000 	/System/Library/Frameworks/DiskArbitration.framework/Versions/A/DiskArbitration
0x00000000246cb000 	/usr/lib/liblangid.dylib
0x00000000246cb000 	/System/Library/PrivateFrameworks/MultitouchSupport.framework/Versions/A/MultitouchSupport
0x00000000246cb000 	/System/Library/Frameworks/IOKit.framework/Versions/A/IOKit
0x00000000246cb000 	/usr/lib/libDiagnosticMessagesClient.dylib
0x00000000246cb000 	/System/Library/Frameworks/CoreServices.framework/Versions/A/CoreServices
0x00000000246cb000 	/System/Library/PrivateFrameworks/PerformanceAnalysis.framework/Versions/A/PerformanceAnalysis
0x00000000246cb000 	/System/Library/Frameworks/OpenGL.framework/Versions/A/OpenGL
0x00000000246cb000 	/System/Library/Frameworks/ColorSync.framework/Versions/A/ColorSync
0x00000000246cb000 	/System/Library/Frameworks/CoreImage.framework/Versions/A/CoreImage
0x00000000246cb000 	/System/Library/Frameworks/CoreText.framework/Versions/A/CoreText
0x00000000246cb000 	/System/Library/Frameworks/ImageIO.framework/Versions/A/ImageIO
0x00000000246cb000 	/System/Library/PrivateFrameworks/Backup.framework/Versions/A/Backup
0x00000000246cb000 	/usr/lib/libarchive.2.dylib
0x00000000246cb000 	/System/Library/Frameworks/CFNetwork.framework/Versions/A/CFNetwork
0x00000000246cb000 	/System/Library/Frameworks/SystemConfiguration.framework/Versions/A/SystemConfiguration
0x00000000246cb000 	/usr/lib/libCRFSuite.dylib
0x00000000246cb000 	/usr/lib/libc++.1.dylib
0x00000000246cb000 	/usr/lib/libc++abi.dylib
0x00000000246cb000 	/usr/lib/system/libcache.dylib
0x00000000246cb000 	/usr/lib/system/libcommonCrypto.dylib
0x00000000246cb000 	/usr/lib/system/libcompiler_rt.dylib
0x00000000246cb000 	/usr/lib/system/libcopyfile.dylib
0x00000000246cb000 	/usr/lib/system/libcorecrypto.dylib
0x00000000246cb000 	/usr/lib/system/libdispatch.dylib
0x00000000246cb000 	/usr/lib/system/libdyld.dylib
0x00000000246cb000 	/usr/lib/system/libkeymgr.dylib
0x00000000246cb000 	/usr/lib/system/liblaunch.dylib
0x00000000246cb000 	/usr/lib/system/libmacho.dylib
0x00000000246cb000 	/usr/lib/system/libquarantine.dylib
0x00000000246cb000 	/usr/lib/system/libremovefile.dylib
0x00000000246cb000 	/usr/lib/system/libsystem_asl.dylib
0x00000000246cb000 	/usr/lib/system/libsystem_blocks.dylib
0x00000000246cb000 	/usr/lib/system/libsystem_c.dylib
0x00000000246cb000 	/usr/lib/system/libsystem_configuration.dylib
0x00000000246cb000 	/usr/lib/system/libsystem_coreservices.dylib
0x00000000246cb000 	/usr/lib/system/libsystem_darwin.dylib
0x00000000246cb000 	/usr/lib/system/libsystem_dnssd.dylib
0x00000000246cb000 	/usr/lib/system/libsystem_info.dylib
0x00000000246cb000 	/usr/lib/system/libsystem_m.dylib
0x00000000246cb000 	/usr/lib/system/libsystem_malloc.dylib
0x00000000246cb000 	/usr/lib/system/libsystem_network.dylib
0x00000000246cb000 	/usr/lib/system/libsystem_networkextension.dylib
0x00000000246cb000 	/usr/lib/system/libsystem_notify.dylib
0x00000000246cb000 	/usr/lib/system/libsystem_sandbox.dylib
0x00000000246cb000 	/usr/lib/system/libsystem_secinit.dylib
0x00000000246cb000 	/usr/lib/system/libsystem_kernel.dylib
0x00000000246cb000 	/usr/lib/system/libsystem_platform.dylib
0x00000000246cb000 	/usr/lib/system/libsystem_pthread.dylib
0x00000000246cb000 	/usr/lib/system/libsystem_symptoms.dylib
0x00000000246cb000 	/usr/lib/system/libsystem_trace.dylib
0x00000000246cb000 	/usr/lib/system/libunwind.dylib
0x00000000246cb000 	/usr/lib/system/libxpc.dylib
0x00000000246cb000 	/usr/lib/closure/libclosured.dylib
0x00000000246cb000 	/usr/lib/libbsm.0.dylib
0x00000000246cb000 	/usr/lib/system/libkxld.dylib
0x00000000246cb000 	/usr/lib/libOpenScriptingUtil.dylib
0x00000000246cb000 	/usr/lib/libcoretls.dylib
0x00000000246cb000 	/usr/lib/libcoretls_cfhelpers.dylib
0x00000000246cb000 	/usr/lib/libpam.2.dylib
0x00000000246cb000 	/usr/lib/libsqlite3.dylib
0x00000000246cb000 	/usr/lib/libxar.1.dylib
0x00000000246cb000 	/usr/lib/libbz2.1.0.dylib
0x00000000246cb000 	/usr/lib/liblzma.5.dylib
0x00000000246cb000 	/usr/lib/libnetwork.dylib
0x00000000246cb000 	/usr/lib/libapple_nghttp2.dylib
0x00000000246cb000 	/usr/lib/libpcap.A.dylib
0x00000000246cb000 	/usr/lib/libboringssl.dylib
0x00000000246cb000 	/usr/lib/libusrtcp.dylib
0x00000000246cb000 	/usr/lib/libapple_crypto.dylib
0x00000000246cb000 	/System/Library/Frameworks/CoreServices.framework/Versions/A/Frameworks/FSEvents.framework/Versions/A/FSEvents
0x00000000246cb000 	/System/Library/Frameworks/CoreServices.framework/Versions/A/Frameworks/CarbonCore.framework/Versions/A/CarbonCore
0x00000000246cb000 	/System/Library/Frameworks/CoreServices.framework/Versions/A/Frameworks/Metadata.framework/Versions/A/Metadata
0x00000000246cb000 	/System/Library/Frameworks/CoreServices.framework/Versions/A/Frameworks/OSServices.framework/Versions/A/OSServices
0x00000000246cb000 	/System/Library/Frameworks/CoreServices.framework/Versions/A/Frameworks/SearchKit.framework/Versions/A/SearchKit
0x00000000246cb000 	/System/Library/Frameworks/CoreServices.framework/Versions/A/Frameworks/AE.framework/Versions/A/AE
0x00000000246cb000 	/System/Library/Frameworks/CoreServices.framework/Versions/A/Frameworks/LaunchServices.framework/Versions/A/LaunchServices
0x00000000246cb000 	/System/Library/Frameworks/CoreServices.framework/Versions/A/Frameworks/DictionaryServices.framework/Versions/A/DictionaryServices
0x00000000246cb000 	/System/Library/Frameworks/CoreServices.framework/Versions/A/Frameworks/SharedFileList.framework/Versions/A/SharedFileList
0x00000000246cb000 	/System/Library/Frameworks/NetFS.framework/Versions/A/NetFS
0x00000000246cb000 	/System/Library/PrivateFrameworks/NetAuth.framework/Versions/A/NetAuth
0x00000000246cb000 	/System/Library/PrivateFrameworks/login.framework/Versions/A/Frameworks/loginsupport.framework/Versions/A/loginsupport
0x00000000246cb000 	/System/Library/PrivateFrameworks/TCC.framework/Versions/A/TCC
0x00000000246cb000 	/usr/lib/libmecabra.dylib
0x00000000246cb000 	/System/Library/Frameworks/ApplicationServices.framework/Versions/A/Frameworks/ATS.framework/Versions/A/ATS
0x00000000246cb000 	/System/Library/Frameworks/ApplicationServices.framework/Versions/A/Frameworks/ColorSyncLegacy.framework/Versions/A/ColorSyncLegacy
0x00000000246cb000 	/System/Library/Frameworks/ApplicationServices.framework/Versions/A/Frameworks/HIServices.framework/Versions/A/HIServices
0x00000000246cb000 	/System/Library/Frameworks/ApplicationServices.framework/Versions/A/Frameworks/LangAnalysis.framework/Versions/A/LangAnalysis
0x00000000246cb000 	/System/Library/Frameworks/ApplicationServices.framework/Versions/A/Frameworks/PrintCore.framework/Versions/A/PrintCore
0x00000000246cb000 	/System/Library/Frameworks/ApplicationServices.framework/Versions/A/Frameworks/QD.framework/Versions/A/QD
0x00000000246cb000 	/System/Library/Frameworks/ApplicationServices.framework/Versions/A/Frameworks/SpeechSynthesis.framework/Versions/A/SpeechSynthesis
0x00000000246cb000 	/System/Library/Frameworks/CoreDisplay.framework/Versions/A/CoreDisplay
0x00000000246cb000 	/System/Library/Frameworks/Accelerate.framework/Versions/A/Frameworks/vImage.framework/Versions/A/vImage
0x00000000246cb000 	/System/Library/Frameworks/Accelerate.framework/Versions/A/Frameworks/vecLib.framework/Versions/A/vecLib
0x00000000246cb000 	/System/Library/Frameworks/Accelerate.framework/Versions/A/Frameworks/vecLib.framework/Versions/A/libvDSP.dylib
0x00000000246cb000 	/System/Library/Frameworks/Accelerate.framework/Versions/A/Frameworks/vecLib.framework/Versions/A/libBNNS.dylib
0x00000000246cb000 	/System/Library/Frameworks/Accelerate.framework/Versions/A/Frameworks/vecLib.framework/Versions/A/libQuadrature.dylib
0x00000000246cb000 	/System/Library/Frameworks/Accelerate.framework/Versions/A/Frameworks/vecLib.framework/Versions/A/libvMisc.dylib
0x00000000246cb000 	/System/Library/Frameworks/Accelerate.framework/Versions/A/Frameworks/vecLib.framework/Versions/A/libLAPACK.dylib
0x00000000246cb000 	/System/Library/Frameworks/Accelerate.framework/Versions/A/Frameworks/vecLib.framework/Versions/A/libBLAS.dylib
0x00000000246cb000 	/System/Library/Frameworks/Accelerate.framework/Versions/A/Frameworks/vecLib.framework/Versions/A/libLinearAlgebra.dylib
0x00000000246cb000 	/System/Library/Frameworks/Accelerate.framework/Versions/A/Frameworks/vecLib.framework/Versions/A/libSparse.dylib
0x00000000246cb000 	/System/Library/Frameworks/Accelerate.framework/Versions/A/Frameworks/vecLib.framework/Versions/A/libSparseBLAS.dylib
0x00000000246cb000 	/System/Library/PrivateFrameworks/IOAccelerator.framework/Versions/A/IOAccelerator
0x00000000246cb000 	/System/Library/PrivateFrameworks/IOPresentment.framework/Versions/A/IOPresentment
0x00000000246cb000 	/System/Library/PrivateFrameworks/DSExternalDisplay.framework/Versions/A/DSExternalDisplay
0x00000000246cb000 	/System/Library/Frameworks/OpenGL.framework/Versions/A/Libraries/libCoreFSCache.dylib
0x00000000246cb000 	/System/Library/Frameworks/CoreVideo.framework/Versions/A/CoreVideo
0x00000000246cb000 	/System/Library/PrivateFrameworks/GraphVisualizer.framework/Versions/A/GraphVisualizer
0x00000000246cb000 	/System/Library/Frameworks/MetalPerformanceShaders.framework/Versions/A/MetalPerformanceShaders
0x00000000246cb000 	/usr/lib/libFosl_dynamic.dylib
0x00000000246cb000 	/System/Library/PrivateFrameworks/FaceCore.framework/Versions/A/FaceCore
0x00000000246cb000 	/System/Library/Frameworks/OpenCL.framework/Versions/A/OpenCL
0x00000000246cb000 	/usr/lib/libcompression.dylib
0x00000000246cb000 	/System/Library/Frameworks/ApplicationServices.framework/Versions/A/Frameworks/ATS.framework/Versions/A/Resources/libFontParser.dylib
0x00000000246cb000 	/System/Library/Frameworks/ApplicationServices.framework/Versions/A/Frameworks/ATS.framework/Versions/A/Resources/libFontRegistry.dylib
0x00000000246cb000 	/System/Library/Frameworks/ImageIO.framework/Versions/A/Resources/libJPEG.dylib
0x00000000246cb000 	/System/Library/Frameworks/ImageIO.framework/Versions/A/Resources/libTIFF.dylib
0x00000000246cb000 	/System/Library/Frameworks/ImageIO.framework/Versions/A/Resources/libPng.dylib
0x00000000246cb000 	/System/Library/Frameworks/ImageIO.framework/Versions/A/Resources/libGIF.dylib
0x00000000246cb000 	/System/Library/Frameworks/ImageIO.framework/Versions/A/Resources/libJP2.dylib
0x00000000246cb000 	/System/Library/Frameworks/ImageIO.framework/Versions/A/Resources/libRadiance.dylib
0x00000000246cb000 	/System/Library/PrivateFrameworks/AppleJPEG.framework/Versions/A/AppleJPEG
0x00000000246cb000 	/System/Library/PrivateFrameworks/MetalTools.framework/Versions/A/MetalTools
0x00000000246cb000 	/System/Library/Frameworks/MetalPerformanceShaders.framework/Frameworks/MPSCore.framework/Versions/A/MPSCore
0x00000000246cb000 	/System/Library/Frameworks/MetalPerformanceShaders.framework/Frameworks/MPSImage.framework/Versions/A/MPSImage
0x00000000246cb000 	/System/Library/Frameworks/MetalPerformanceShaders.framework/Frameworks/MPSMatrix.framework/Versions/A/MPSMatrix
0x00000000246cb000 	/System/Library/Frameworks/MetalPerformanceShaders.framework/Frameworks/MPSNeuralNetwork.framework/Versions/A/MPSNeuralNetwork
0x00000000246cb000 	/System/Library/Frameworks/OpenGL.framework/Versions/A/Libraries/libGLU.dylib
0x00000000246cb000 	/System/Library/Frameworks/OpenGL.framework/Versions/A/Libraries/libGFXShared.dylib
0x00000000246cb000 	/System/Library/Frameworks/OpenGL.framework/Versions/A/Libraries/libGL.dylib
0x00000000246cb000 	/System/Library/Frameworks/OpenGL.framework/Versions/A/Libraries/libGLImage.dylib
0x00000000246cb000 	/System/Library/Frameworks/OpenGL.framework/Versions/A/Libraries/libCVMSPluginSupport.dylib
0x00000000246cb000 	/System/Library/Frameworks/OpenGL.framework/Versions/A/Libraries/libCoreVMClient.dylib
0x00000000246cb000 	/usr/lib/libcups.2.dylib
0x00000000246cb000 	/System/Library/Frameworks/Kerberos.framework/Versions/A/Kerberos
0x00000000246cb000 	/System/Library/Frameworks/GSS.framework/Versions/A/GSS
0x00000000246cb000 	/usr/lib/libresolv.9.dylib
0x00000000246cb000 	/usr/lib/libiconv.2.dylib
0x00000000246cb000 	/System/Library/PrivateFrameworks/Heimdal.framework/Versions/A/Heimdal
0x00000000246cb000 	/usr/lib/libheimdal-asn1.dylib
0x00000000246cb000 	/System/Library/Frameworks/OpenDirectory.framework/Versions/A/OpenDirectory
0x00000000246cb000 	/System/Library/PrivateFrameworks/CommonAuth.framework/Versions/A/CommonAuth
0x00000000246cb000 	/System/Library/Frameworks/OpenDirectory.framework/Versions/A/Frameworks/CFOpenDirectory.framework/Versions/A/CFOpenDirectory
0x00000000246cb000 	/System/Library/Frameworks/SecurityFoundation.framework/Versions/A/SecurityFoundation
0x00000000246cb000 	/System/Library/PrivateFrameworks/APFS.framework/Versions/A/APFS
0x00000000246cb000 	/usr/lib/libutil.dylib
0x00000000246cb000 	/System/Library/PrivateFrameworks/AppleSauce.framework/Versions/A/AppleSauce
0x00000000246cb000 	/System/Library/PrivateFrameworks/LinguisticData.framework/Versions/A/LinguisticData
0x00000000246cb000 	/usr/lib/libmarisa.dylib
0x00000000246cb000 	/System/Library/PrivateFrameworks/Lexicon.framework/Versions/A/Lexicon
0x00000000246cb000 	/usr/lib/libChineseTokenizer.dylib
0x00000000246cb000 	/usr/lib/libcmph.dylib
0x00000000246cb000 	/System/Library/PrivateFrameworks/LanguageModeling.framework/Versions/A/LanguageModeling
0x00000000246cb000 	/System/Library/PrivateFrameworks/CoreEmoji.framework/Versions/A/CoreEmoji
0x00000000246cb000 	/System/Library/Frameworks/ServiceManagement.framework/Versions/A/ServiceManagement
0x00000000246cb000 	/System/Library/PrivateFrameworks/BackgroundTaskManagement.framework/Versions/A/BackgroundTaskManagement
0x00000000246cb000 	/usr/lib/libxslt.1.dylib
0x00000000246cb000 	/System/Library/Frameworks/Carbon.framework/Versions/A/Frameworks/Ink.framework/Versions/A/Ink
0x00000000246cb000 	/System/Library/PrivateFrameworks/TextureIO.framework/Versions/A/TextureIO
0x00000000246cb000 	/usr/lib/libate.dylib
0x00000000246cb000 	/System/Library/PrivateFrameworks/CrashReporterSupport.framework/Versions/A/CrashReporterSupport
0x00000000246cb000 	/System/Library/PrivateFrameworks/Sharing.framework/Versions/A/Sharing
0x00000000246cb000 	/System/Library/PrivateFrameworks/IconServices.framework/Versions/A/IconServices
0x00000000246cb000 	/System/Library/PrivateFrameworks/ProtocolBuffer.framework/Versions/A/ProtocolBuffer
0x00000000246cb000 	/System/Library/PrivateFrameworks/Apple80211.framework/Versions/A/Apple80211
0x00000000246cb000 	/System/Library/Frameworks/CoreWLAN.framework/Versions/A/CoreWLAN
0x00000000246cb000 	/System/Library/PrivateFrameworks/CoreUtils.framework/Versions/A/CoreUtils
0x00000000246cb000 	/System/Library/Frameworks/IOBluetooth.framework/Versions/A/IOBluetooth
0x00000000246cb000 	/System/Library/PrivateFrameworks/CoreWiFi.framework/Versions/A/CoreWiFi
0x00000000246cb000 	/System/Library/Frameworks/CoreBluetooth.framework/Versions/A/CoreBluetooth
0x00000000246cb000 	/System/Library/PrivateFrameworks/SignpostNotification.framework/Versions/A/SignpostNotification
0x00000000246cb000 	/System/Library/PrivateFrameworks/DebugSymbols.framework/Versions/A/DebugSymbols
0x00000000246cb000 	/System/Library/PrivateFrameworks/CoreSymbolication.framework/Versions/A/CoreSymbolication
0x00000000246cb000 	/System/Library/PrivateFrameworks/Symbolication.framework/Versions/A/Symbolication
0x00000000246cb000 	/System/Library/PrivateFrameworks/AppleFSCompression.framework/Versions/A/AppleFSCompression
0x00000000246cb000 	/System/Library/PrivateFrameworks/SpeechRecognitionCore.framework/Versions/A/SpeechRecognitionCore
0x000000010889d000 	/Library/Java/JavaVirtualMachines/jdk1.8.0_45.jdk/Contents/Home/jre/lib/server/libjvm.dylib
0x00000000246cb000 	/usr/lib/libstdc++.6.0.9.dylib
0x0000000106903000 	/Library/Java/JavaVirtualMachines/jdk1.8.0_45.jdk/Contents/Home/jre/lib/libverify.dylib
0x0000000106911000 	/Library/Java/JavaVirtualMachines/jdk1.8.0_45.jdk/Contents/Home/jre/lib/libjava.dylib
0x0000000106947000 	/Library/Java/JavaVirtualMachines/jdk1.8.0_45.jdk/Contents/Home/jre/lib/libjdwp.dylib
0x0000000106992000 	/Library/Java/JavaVirtualMachines/jdk1.8.0_45.jdk/Contents/Home/jre/lib/libnpt.dylib
0x0000000106996000 	/Library/Java/JavaVirtualMachines/jdk1.8.0_45.jdk/Contents/Home/jre/lib/libinstrument.dylib
0x00000001069f4000 	/Library/Java/JavaVirtualMachines/jdk1.8.0_45.jdk/Contents/Home/jre/lib/libzip.dylib
0x00000000246cb000 	/System/Library/Frameworks/JavaVM.framework/Versions/A/Frameworks/JavaRuntimeSupport.framework/Versions/A/JavaRuntimeSupport
0x00000000246cb000 	/System/Library/Frameworks/JavaVM.framework/Versions/A/Frameworks/JavaNativeFoundation.framework/Versions/A/JavaNativeFoundation
0x00000000246cb000 	/System/Library/Frameworks/JavaVM.framework/Versions/A/JavaVM
0x00000000246cb000 	/System/Library/Frameworks/Carbon.framework/Versions/A/Carbon
0x00000000246cb000 	/System/Library/PrivateFrameworks/JavaLaunching.framework/Versions/A/JavaLaunching
0x00000000246cb000 	/System/Library/Frameworks/Carbon.framework/Versions/A/Frameworks/CommonPanels.framework/Versions/A/CommonPanels
0x00000000246cb000 	/System/Library/Frameworks/Carbon.framework/Versions/A/Frameworks/Help.framework/Versions/A/Help
0x00000000246cb000 	/System/Library/Frameworks/Carbon.framework/Versions/A/Frameworks/ImageCapture.framework/Versions/A/ImageCapture
0x00000000246cb000 	/System/Library/Frameworks/Carbon.framework/Versions/A/Frameworks/OpenScripting.framework/Versions/A/OpenScripting
0x00000000246cb000 	/System/Library/Frameworks/Carbon.framework/Versions/A/Frameworks/Print.framework/Versions/A/Print
0x00000000246cb000 	/System/Library/Frameworks/Carbon.framework/Versions/A/Frameworks/SecurityHI.framework/Versions/A/SecurityHI
0x00000001254a1000 	/Library/Java/JavaVirtualMachines/jdk1.8.0_45.jdk/Contents/Home/jre/lib/libdt_socket.dylib
0x0000000125ac7000 	/Library/Java/JavaVirtualMachines/jdk1.8.0_45.jdk/Contents/Home/jre/lib/libnet.dylib

VM Arguments:
jvm_args: -agentlib:jdwp=transport=dt_socket,address=127.0.0.1:64541,suspend=y,server=n -ea -Didea.test.cyclic.buffer.size=1048576 -javaagent:/Users/dmytrobunin/Library/Caches/IntelliJIdea2017.2/groovyHotSwap/gragent.jar -Dfile.encoding=UTF-8 
java_command: com.intellij.rt.execution.junit.JUnitStarter -ideVersion5 -junit4 CrawlerTest,findBook
java_class_path (initial): /Applications/IntelliJ IDEA.app/Contents/lib/idea_rt.jar:/Applications/IntelliJ IDEA.app/Contents/plugins/junit/lib/junit-rt.jar:/Applications/IntelliJ IDEA.app/Contents/plugins/junit/lib/junit5-rt.jar:/Library/Java/JavaVirtualMachines/jdk1.8.0_45.jdk/Contents/Home/jre/lib/charsets.jar:/Library/Java/JavaVirtualMachines/jdk1.8.0_45.jdk/Contents/Home/jre/lib/deploy.jar:/Library/Java/JavaVirtualMachines/jdk1.8.0_45.jdk/Contents/Home/jre/lib/ext/cldrdata.jar:/Library/Java/JavaVirtualMachines/jdk1.8.0_45.jdk/Contents/Home/jre/lib/ext/dnsns.jar:/Library/Java/JavaVirtualMachines/jdk1.8.0_45.jdk/Contents/Home/jre/lib/ext/jfxrt.jar:/Library/Java/JavaVirtualMachines/jdk1.8.0_45.jdk/Contents/Home/jre/lib/ext/localedata.jar:/Library/Java/JavaVirtualMachines/jdk1.8.0_45.jdk/Contents/Home/jre/lib/ext/nashorn.jar:/Library/Java/JavaVirtualMachines/jdk1.8.0_45.jdk/Contents/Home/jre/lib/ext/sunec.jar:/Library/Java/JavaVirtualMachines/jdk1.8.0_45.jdk/Contents/Home/jre/lib/ext/sunjce_provider.jar:/Library/Java/JavaVirtualMachines/jdk1.8.0_45.jdk/Contents/Home/jre/lib/ext/sunpkcs11.jar:/Library/Java/JavaVirtualMachines/jdk1.8.0_45.jdk/Contents/Home/jre/lib/ext/zipfs.jar:/Library/Java/JavaVirtualMachines/jdk1.8.0_45.jdk/Contents/Home/jre/lib/javaws.jar:/Library/Java/JavaVirtualMachines/jdk1.8.0_45.jdk/Contents/Home/jre/lib/jce.jar:/Library/Java/JavaVirtualMachines/jdk1.8.0_45.jdk/Contents/Home/jre/lib/jfr.jar:/Library/Java/JavaVirtualMachines/jdk1.8.0_45.jdk/Contents/Home/jre/lib/jfxswt.jar:/Library/Java/JavaVirtualMachines/jdk1.8.0_45.jdk/Contents/Home/jre/lib/jsse.jar:/Library/Java/JavaVirtualMachines/jdk1.8.0_45.jdk/Contents/Home/jre/lib/management-agent.jar:/Library/Java/JavaVirtualMachines/jdk1.8.0_45.jdk/Contents/Home/jre/lib/plugin.jar:/Library/Java/JavaVirtualMachines/jdk1.8.0_45.jdk/Contents/Home/jre/lib/resources.jar:/Library/Java/JavaVirtualMachines/jdk1.8.0_45.jdk/Contents/Home/jre/lib/rt.jar:/Library/Java/JavaVirtualMachines/jdk1.8.0_45.jdk/Conte
Launcher Type: SUN_STANDARD

Environment Variables:
PATH=/usr/bin:/bin:/usr/sbin:/sbin
SHELL=/bin/bash
DISPLAY=/private/tmp/com.apple.launchd.VnxdcLSFOr/org.macosforge.xquartz:0

Signal Handlers:
SIGSEGV: [libjvm.dylib+0x58ef95], sa_mask[0]=11111111011111110111111111111111, sa_flags=SA_ONSTACK|SA_RESTART|SA_SIGINFO
SIGBUS: [libjvm.dylib+0x58ef95], sa_mask[0]=11111111011111110111111111111111, sa_flags=SA_RESTART|SA_SIGINFO
SIGFPE: [libjvm.dylib+0x46c108], sa_mask[0]=11111111011111110111111111111111, sa_flags=SA_RESTART|SA_SIGINFO
SIGPIPE: [libjvm.dylib+0x46c108], sa_mask[0]=11111111011111110111111111111111, sa_flags=SA_RESTART|SA_SIGINFO
SIGXFSZ: [libjvm.dylib+0x46c108], sa_mask[0]=11111111011111110111111111111111, sa_flags=SA_RESTART|SA_SIGINFO
SIGILL: [libjvm.dylib+0x46c108], sa_mask[0]=11111111011111110111111111111111, sa_flags=SA_RESTART|SA_SIGINFO
SIGUSR1: SIG_DFL, sa_mask[0]=00000000000000000000000000000000, sa_flags=none
SIGUSR2: [libjvm.dylib+0x46bc26], sa_mask[0]=00100000000000000000000000000000, sa_flags=SA_RESTART|SA_SIGINFO
SIGHUP: [libjvm.dylib+0x46a1f9], sa_mask[0]=11111111011111110111111111111111, sa_flags=SA_RESTART|SA_SIGINFO
SIGINT: [libjvm.dylib+0x46a1f9], sa_mask[0]=11111111011111110111111111111111, sa_flags=SA_RESTART|SA_SIGINFO
SIGTERM: [libjvm.dylib+0x46a1f9], sa_mask[0]=11111111011111110111111111111111, sa_flags=SA_RESTART|SA_SIGINFO
SIGQUIT: [libjvm.dylib+0x46a1f9], sa_mask[0]=11111111011111110111111111111111, sa_flags=SA_RESTART|SA_SIGINFO


---------------  S Y S T E M  ---------------

OS:Bsduname:Darwin 17.3.0 Darwin Kernel Version 17.3.0: Thu Nov  9 18:09:22 PST 2017; root:xnu-4570.31.3~1/RELEASE_X86_64 x86_64
rlimit: STACK 8192k, CORE 0k, NPROC 1418, NOFILE 10240, AS infinity
load average:10.15 7.25 6.78

CPU:total 8 (4 cores per cpu, 2 threads per core) family 6 model 58 stepping 9, cmov, cx8, fxsr, mmx, sse, sse2, sse3, ssse3, sse4.1, sse4.2, popcnt, avx, aes, clmul, erms, ht, tsc, tscinvbit, tscinv

Memory: 4k page, physical 16777216k(283428k free)

/proc/meminfo:


vm_info: Java HotSpot(TM) 64-Bit Server VM (25.45-b02) for bsd-amd64 JRE (1.8.0_45-b14), built on Apr 10 2015 10:46:38 by "java_re" with gcc 4.2.1 (Based on Apple Inc. build 5658) (LLVM build 2336.11.00)

time: Sun Jan 14 21:35:56 2018
elapsed time: 1814 seconds (0d 0h 30m 14s)

