#
# A fatal error has been detected by the Java Runtime Environment:
#
#  SIGSEGV (0xb) at pc=0x000000010d42dd10, pid=8864, tid=14087
#
# JRE version: Java(TM) SE Runtime Environment (8.0_45-b14) (build 1.8.0_45-b14)
# Java VM: Java HotSpot(TM) 64-Bit Server VM (25.45-b02 mixed mode bsd-amd64 compressed oops)
# Problematic frame:
# V  [libjvm.dylib+0x432d10]  Method::checked_resolve_jmethod_id(_jmethodID*)+0xe
#
# Failed to write core dump. Core dumps have been disabled. To enable core dumping, try "ulimit -c unlimited" before starting Java again
#
# If you would like to submit a bug report, please visit:
#   http://bugreport.java.com/bugreport/crash.jsp
#

---------------  T H R E A D  ---------------

Current thread (0x00007feda2814800):  JavaThread "JDWP Transport Listener: dt_socket" daemon [_thread_in_vm, id=14087, stack(0x0000700001568000,0x0000700001668000)]

siginfo: si_signo: 11 (SIGSEGV), si_code: 1 (SEGV_MAPERR), si_addr: 0x0000003200000000

Registers:
RAX=0x0000000000000001, RBX=0x0000700001667a8b, RCX=0x000000010d7f5190, RDX=0x0000700001667a8b
RSP=0x00007000016679d0, RBP=0x00007000016679e0, RSI=0x00007feda2814800, RDI=0x0000003200000000
R8 =0x0000000000000001, R9 =0x0000000000000000, R10=0x000007feda1c47ce, R11=0x0000000000000002
R12=0x00007feda2814800, R13=0x0000003200000000, R14=0x0000003200000000, R15=0x00007feda1e08050
RIP=0x000000010d42dd10, EFLAGS=0x0000000000010206, ERR=0x0000000000000004
  TRAPNO=0x000000000000000e

Top of Stack: (sp=0x00007000016679d0)
0x00007000016679d0:   0000700001667a8b 0000700001667a8b
0x00007000016679e0:   0000700001667a40 000000010d33e0d6
0x00007000016679f0:   00007feda2814800 0000000000000000
0x0000700001667a00:   0000000000000000 0000000000000000
0x0000700001667a10:   00007feda2814800 00007feda2814800
0x0000700001667a20:   0000700001667a8b 0000700001667a90
0x0000700001667a30:   0000003200000000 000000000000000d
0x0000700001667a40:   0000700001667a60 000000010b367780
0x0000700001667a50:   0000000000000001 0000700001667b08
0x0000700001667a60:   0000700001667ad0 000000010b34c1f3
0x0000700001667a70:   0000700001667aa0 00007feda1c476b0
0x0000700001667a80:   0000000f00000032 0000000200667b08
0x0000700001667a90:   0000000000000000 0000000000000000
0x0000700001667aa0:   0000000000000000 0000700001667c90
0x0000700001667ab0:   000000010b36ee7a 00007feda1c47780
0x0000700001667ac0:   0000700001667b08 000000010b37a598
0x0000700001667ad0:   0000700001667ae0 000000010b34c2ec
0x0000700001667ae0:   0000700001667d00 000000010b355898
0x0000700001667af0:   000440af00000013 00000000000f0200
0x0000700001667b00:   00007feda1c42b80 00007feda20995b9
0x0000700001667b10:   00000000000002f7 00007feda1c47cc0
0x0000700001667b20:   000004000000012c 0000700001667b58
0x0000700001667b30:   00007feda1c486e0 00007f0000000000
0x0000700001667b40:   000440af0000000f 00007fed00001380
0x0000700001667b50:   0000700001667b58 ed7f00000f000000
0x0000700001667b60:   1100000018d2a2a3 66246164626d616c
0x0000700001667b70:   246d657449646e69 634c281700000031
0x0000700001667b80:   6d2f72656c776172 6574492f6c65646f
0x0000700001667b90:   000000005a293b6d ed7f00000a1000f0
0x0000700001667ba0:   0f000000f0afd1a1 6f446c6c41746567
0x0000700001667bb0:   0073746e656d7563 76616a4c28250000
0x0000700001667bc0:   532f676e616c2f61 29493b676e697274 

Instructions: (pc=0x000000010d42dd10)
0x000000010d42dcf0:   40 48 48 85 c0 75 e0 30 c0 0f b6 c0 5d c3 31 c0
0x000000010d42dd00:   5d c3 55 48 89 e5 53 48 83 ec 08 48 85 ff 74 24
0x000000010d42dd10:   48 8b 1f 48 85 db 74 1c 48 83 fb 37 74 16 48 8b
0x000000010d42dd20:   03 48 89 df ff 50 10 84 c0 b8 00 00 00 00 48 0f 

Register to memory mapping:

RAX=0x0000000000000001 is an unknown value
RBX=0x0000700001667a8b is pointing into the stack for thread: 0x00007feda2814800
RCX=0x000000010d7f5190: UseMembar+0 in /Library/Java/JavaVirtualMachines/jdk1.8.0_45.jdk/Contents/Home/jre/lib/server/libjvm.dylib at 0x000000010cffb000
RDX=0x0000700001667a8b is pointing into the stack for thread: 0x00007feda2814800
RSP=0x00007000016679d0 is pointing into the stack for thread: 0x00007feda2814800
RBP=0x00007000016679e0 is pointing into the stack for thread: 0x00007feda2814800
RSI=0x00007feda2814800 is a thread
RDI=0x0000003200000000 is an unknown value
R8 =0x0000000000000001 is an unknown value
R9 =0x0000000000000000 is an unknown value
R10=0x000007feda1c47ce is an unknown value
R11=0x0000000000000002 is an unknown value
R12=0x00007feda2814800 is a thread
R13=0x0000003200000000 is an unknown value
R14=0x0000003200000000 is an unknown value
R15=0x00007feda1e08050 is an unknown value


Stack: [0x0000700001568000,0x0000700001668000],  sp=0x00007000016679d0,  free space=1022k
Native frames: (J=compiled Java code, j=interpreted, Vv=VM code, C=native code)
V  [libjvm.dylib+0x432d10]  Method::checked_resolve_jmethod_id(_jmethodID*)+0xe
V  [libjvm.dylib+0x3430d6]  jvmti_IsMethodSynthetic+0xb2
C  [libjdwp.dylib+0x20780]  isMethodSynthetic+0x63
C  [libjdwp.dylib+0x51f3]  methods1+0x10b
C  [libjdwp.dylib+0x52ec]  methodsWithGeneric+0xe
C  [libjdwp.dylib+0xe898]  debugLoop_run+0x1ce
C  [libjdwp.dylib+0x1f6ba]  attachThread+0x4d
V  [libjvm.dylib+0x38401c]  JvmtiAgentThread::call_start_function()+0x38
V  [libjvm.dylib+0x549acf]  JavaThread::thread_main_inner()+0x9b
V  [libjvm.dylib+0x54b1c0]  JavaThread::run()+0x1c2
V  [libjvm.dylib+0x46ea7e]  java_start(Thread*)+0xf6
C  [libsystem_pthread.dylib+0x36c1]  _pthread_body+0x154
C  [libsystem_pthread.dylib+0x356d]  _pthread_body+0x0
C  [libsystem_pthread.dylib+0x2c5d]  thread_start+0xd
C  0x0000000000000000


---------------  P R O C E S S  ---------------

Java Threads: ( => current thread )
  0x00007feda2815000 JavaThread "Service Thread" daemon [_thread_blocked, id=22275, stack(0x0000700001c7d000,0x0000700001d7d000)]
  0x00007feda600d000 JavaThread "C1 CompilerThread3" daemon [_thread_blocked, id=21763, stack(0x0000700001b7a000,0x0000700001c7a000)]
  0x00007feda4022800 JavaThread "C2 CompilerThread2" daemon [_thread_blocked, id=15363, stack(0x0000700001a77000,0x0000700001b77000)]
  0x00007feda301c000 JavaThread "C2 CompilerThread1" daemon [_thread_blocked, id=16131, stack(0x0000700001974000,0x0000700001a74000)]
  0x00007feda600c000 JavaThread "C2 CompilerThread0" daemon [_thread_blocked, id=16387, stack(0x0000700001871000,0x0000700001971000)]
  0x00007feda300b000 JavaThread "JDWP Command Reader" daemon [_thread_in_native, id=14595, stack(0x000070000176e000,0x000070000186e000)]
  0x00007feda2029800 JavaThread "JDWP Event Helper Thread" daemon [_thread_blocked, id=14339, stack(0x000070000166b000,0x000070000176b000)]
=>0x00007feda2814800 JavaThread "JDWP Transport Listener: dt_socket" daemon [_thread_in_vm, id=14087, stack(0x0000700001568000,0x0000700001668000)]
  0x00007feda2811800 JavaThread "Signal Dispatcher" daemon [_thread_blocked, id=13835, stack(0x0000700001465000,0x0000700001565000)]
  0x00007feda601d800 JavaThread "Finalizer" daemon [_thread_blocked, id=12035, stack(0x0000700001362000,0x0000700001462000)]
  0x00007feda2811000 JavaThread "Reference Handler" daemon [_thread_blocked, id=19203, stack(0x000070000125f000,0x000070000135f000)]
  0x00007feda3002800 JavaThread "main" [_thread_blocked, id=9987, stack(0x0000700000841000,0x0000700000941000)]

Other Threads:
  0x00007feda2027800 VMThread [stack: 0x000070000115c000,0x000070000125c000] [id=11523]
  0x00007feda287a800 WatcherThread [stack: 0x0000700001d80000,0x0000700001e80000] [id=43011]

VM state:not at safepoint (normal execution)

VM Mutex/Monitor currently owned by a thread: None

Heap:
 PSYoungGen      total 76288K, used 24925K [0x000000076ab00000, 0x0000000770000000, 0x00000007c0000000)
  eden space 65536K, 38% used [0x000000076ab00000,0x000000076c357460,0x000000076eb00000)
  from space 10752K, 0% used [0x000000076f580000,0x000000076f580000,0x0000000770000000)
  to   space 10752K, 0% used [0x000000076eb00000,0x000000076eb00000,0x000000076f580000)
 ParOldGen       total 175104K, used 0K [0x00000006c0000000, 0x00000006cab00000, 0x000000076ab00000)
  object space 175104K, 0% used [0x00000006c0000000,0x00000006c0000000,0x00000006cab00000)
 Metaspace       used 7023K, capacity 7142K, committed 7296K, reserved 1056768K
  class space    used 823K, capacity 849K, committed 896K, reserved 1048576K

Card table byte_map: [0x000000011cf64000,0x000000011d765000] byte_map_base: 0x0000000119964000

Marking Bits: (ParMarkBitMap*) 0x000000010d8bd7a0
 Begin Bits: [0x000000011d765000, 0x0000000121765000)
 End Bits:   [0x0000000121765000, 0x0000000125765000)

Polling page: 0x000000010b346000

CodeCache: size=245760Kb used=2742Kb max_used=2754Kb free=243017Kb
 bounds [0x000000010df64000, 0x000000010e224000, 0x000000011cf64000]
 total_blobs=881 nmethods=608 adapters=195
 compilation: enabled

Compilation events (10 events):
Event: 12.071 Thread 0x00007feda4022800  613       4       java.lang.StringBuilder::append (6 bytes)
Event: 12.072 Thread 0x00007feda301c000 nmethod 608 0x000000010e06fd50 code [0x000000010e06fea0, 0x000000010e06ff38]
Event: 12.072 Thread 0x00007feda600d000 nmethod 609 0x000000010e211890 code [0x000000010e211aa0, 0x000000010e212328]
Event: 12.072 Thread 0x00007feda600d000  612       3       org.jsoup.nodes.Node::childNode (14 bytes)
Event: 12.072 Thread 0x00007feda600d000 nmethod 612 0x000000010e079450 code [0x000000010e0795e0, 0x000000010e0799b8]
Event: 12.072 Thread 0x00007feda600d000  610       3       org.jsoup.nodes.Element::outerHtmlHead (188 bytes)
Event: 12.074 Thread 0x00007feda600d000 nmethod 610 0x000000010e212750 code [0x000000010e212a40, 0x000000010e214408]
Event: 12.074 Thread 0x00007feda600d000  611       3       org.jsoup.nodes.Element::outerHtmlTail (133 bytes)
Event: 12.075 Thread 0x00007feda600d000 nmethod 611 0x000000010e216710 code [0x000000010e216980, 0x000000010e2179c8]
Event: 12.075 Thread 0x00007feda4022800 nmethod 613 0x000000010e210fd0 code [0x000000010e211140, 0x000000010e2114f8]

GC Heap History (0 events):
No events

Deoptimization events (1 events):
Event: 0.734 Thread 0x00007feda3002800 Uncommon trap: reason=predicate action=maybe_recompile pc=0x000000010e18d244 method=sun.net.www.ParseUtil.encodePath(Ljava/lang/String;Z)Ljava/lang/String; @ 36

Internal exceptions (7 events):
Event: 0.072 Thread 0x00007feda3002800 Exception <a 'java/lang/NoSuchMethodError': Method sun.misc.Unsafe.defineClass(Ljava/lang/String;[BII)Ljava/lang/Class; name or signature does not match> (0x000000076ab12c10) thrown at [/Users/java_re/workspace/8-2-build-macosx-x86_64/jdk8u45/3457/hotspot
Event: 0.072 Thread 0x00007feda3002800 Exception <a 'java/lang/NoSuchMethodError': Method sun.misc.Unsafe.prefetchRead(Ljava/lang/Object;J)V name or signature does not match> (0x000000076ab12ea0) thrown at [/Users/java_re/workspace/8-2-build-macosx-x86_64/jdk8u45/3457/hotspot/src/share/vm/prim
Event: 0.284 Thread 0x00007feda3002800 Exception <a 'java/io/FileNotFoundException'> (0x000000076affb190) thrown at [/Users/java_re/workspace/8-2-build-macosx-x86_64/jdk8u45/3457/hotspot/src/share/vm/prims/jni.cpp, line 709]
Event: 0.303 Thread 0x00007feda3002800 Exception <a 'java/security/PrivilegedActionException'> (0x000000076b195268) thrown at [/Users/java_re/workspace/8-2-build-macosx-x86_64/jdk8u45/3457/hotspot/src/share/vm/prims/jvm.cpp, line 1382]
Event: 0.303 Thread 0x00007feda3002800 Exception <a 'java/security/PrivilegedActionException'> (0x000000076b195420) thrown at [/Users/java_re/workspace/8-2-build-macosx-x86_64/jdk8u45/3457/hotspot/src/share/vm/prims/jvm.cpp, line 1382]
Event: 0.304 Thread 0x00007feda3002800 Exception <a 'java/security/PrivilegedActionException'> (0x000000076b198610) thrown at [/Users/java_re/workspace/8-2-build-macosx-x86_64/jdk8u45/3457/hotspot/src/share/vm/prims/jvm.cpp, line 1382]
Event: 0.304 Thread 0x00007feda3002800 Exception <a 'java/security/PrivilegedActionException'> (0x000000076b1987c8) thrown at [/Users/java_re/workspace/8-2-build-macosx-x86_64/jdk8u45/3457/hotspot/src/share/vm/prims/jvm.cpp, line 1382]

Events (10 events):
Event: 1833.222 Executing VM operation: ChangeBreakpoints
Event: 1833.222 Executing VM operation: ChangeBreakpoints done
Event: 1833.222 Executing VM operation: ChangeBreakpoints
Event: 1833.222 Executing VM operation: ChangeBreakpoints done
Event: 1837.223 Thread 0x00007feda2814800 DEOPT PACKING pc=0x000000010e13abec sp=0x0000700001666540
Event: 1837.223 Thread 0x00007feda2814800 DEOPT UNPACKING pc=0x000000010dfab633 sp=0x0000700001666298 mode 1
Event: 1837.229 Executing VM operation: RedefineClasses
Event: 1837.234 Executing VM operation: RedefineClasses done
Event: 1837.235 Executing VM operation: GetOrSetLocal
Event: 1837.235 Executing VM operation: GetOrSetLocal done


Dynamic libraries:
0x00000000246cb000 	/System/Library/Frameworks/Cocoa.framework/Versions/A/Cocoa
0x00000000246cb000 	/System/Library/Frameworks/Security.framework/Versions/A/Security
0x00000000246cb000 	/System/Library/Frameworks/ApplicationServices.framework/Versions/A/ApplicationServices
0x00000000246cb000 	/usr/lib/libz.1.dylib
0x00000000246cb000 	/usr/lib/libSystem.B.dylib
0x00000000246cb000 	/usr/lib/libobjc.A.dylib
0x00000000246cb000 	/System/Library/Frameworks/CoreFoundation.framework/Versions/A/CoreFoundation
0x00000000246cb000 	/System/Library/Frameworks/Foundation.framework/Versions/C/Foundation
0x00000000246cb000 	/System/Library/Frameworks/AppKit.framework/Versions/C/AppKit
0x00000000246cb000 	/System/Library/Frameworks/CoreData.framework/Versions/A/CoreData
0x00000000246cb000 	/System/Library/PrivateFrameworks/RemoteViewServices.framework/Versions/A/RemoteViewServices
0x00000000246cb000 	/System/Library/PrivateFrameworks/UIFoundation.framework/Versions/A/UIFoundation
0x00000000246cb000 	/System/Library/PrivateFrameworks/DFRFoundation.framework/Versions/A/DFRFoundation
0x00000000246cb000 	/System/Library/Frameworks/Metal.framework/Versions/A/Metal
0x00000000246cb000 	/System/Library/PrivateFrameworks/DesktopServicesPriv.framework/Versions/A/DesktopServicesPriv
0x00000000246cb000 	/usr/lib/libenergytrace.dylib
0x00000000246cb000 	/System/Library/PrivateFrameworks/SkyLight.framework/Versions/A/SkyLight
0x00000000246cb000 	/System/Library/Frameworks/CoreGraphics.framework/Versions/A/CoreGraphics
0x00000000246cb000 	/usr/lib/libScreenReader.dylib
0x00000000246cb000 	/System/Library/Frameworks/Accelerate.framework/Versions/A/Accelerate
0x00000000246cb000 	/System/Library/Frameworks/IOSurface.framework/Versions/A/IOSurface
0x00000000246cb000 	/System/Library/Frameworks/AudioToolbox.framework/Versions/A/AudioToolbox
0x00000000246cb000 	/System/Library/Frameworks/AudioUnit.framework/Versions/A/AudioUnit
0x00000000246cb000 	/System/Library/PrivateFrameworks/DataDetectorsCore.framework/Versions/A/DataDetectorsCore
0x00000000246cb000 	/System/Library/Frameworks/Carbon.framework/Versions/A/Frameworks/HIToolbox.framework/Versions/A/HIToolbox
0x00000000246cb000 	/usr/lib/libicucore.A.dylib
0x00000000246cb000 	/System/Library/Frameworks/QuartzCore.framework/Versions/A/QuartzCore
0x00000000246cb000 	/System/Library/Frameworks/Carbon.framework/Versions/A/Frameworks/SpeechRecognition.framework/Versions/A/SpeechRecognition
0x00000000246cb000 	/usr/lib/libauto.dylib
0x00000000246cb000 	/usr/lib/libxml2.2.dylib
0x00000000246cb000 	/System/Library/PrivateFrameworks/CoreUI.framework/Versions/A/CoreUI
0x00000000246cb000 	/System/Library/Frameworks/CoreAudio.framework/Versions/A/CoreAudio
0x00000000246cb000 	/System/Library/Frameworks/DiskArbitration.framework/Versions/A/DiskArbitration
0x00000000246cb000 	/usr/lib/liblangid.dylib
0x00000000246cb000 	/System/Library/PrivateFrameworks/MultitouchSupport.framework/Versions/A/MultitouchSupport
0x00000000246cb000 	/System/Library/Frameworks/IOKit.framework/Versions/A/IOKit
0x00000000246cb000 	/usr/lib/libDiagnosticMessagesClient.dylib
0x00000000246cb000 	/System/Library/Frameworks/CoreServices.framework/Versions/A/CoreServices
0x00000000246cb000 	/System/Library/PrivateFrameworks/PerformanceAnalysis.framework/Versions/A/PerformanceAnalysis
0x00000000246cb000 	/System/Library/Frameworks/OpenGL.framework/Versions/A/OpenGL
0x00000000246cb000 	/System/Library/Frameworks/ColorSync.framework/Versions/A/ColorSync
0x00000000246cb000 	/System/Library/Frameworks/CoreImage.framework/Versions/A/CoreImage
0x00000000246cb000 	/System/Library/Frameworks/CoreText.framework/Versions/A/CoreText
0x00000000246cb000 	/System/Library/Frameworks/ImageIO.framework/Versions/A/ImageIO
0x00000000246cb000 	/System/Library/PrivateFrameworks/Backup.framework/Versions/A/Backup
0x00000000246cb000 	/usr/lib/libarchive.2.dylib
0x00000000246cb000 	/System/Library/Frameworks/CFNetwork.framework/Versions/A/CFNetwork
0x00000000246cb000 	/System/Library/Frameworks/SystemConfiguration.framework/Versions/A/SystemConfiguration
0x00000000246cb000 	/usr/lib/libCRFSuite.dylib
0x00000000246cb000 	/usr/lib/libc++.1.dylib
0x00000000246cb000 	/usr/lib/libc++abi.dylib
0x00000000246cb000 	/usr/lib/system/libcache.dylib
0x00000000246cb000 	/usr/lib/system/libcommonCrypto.dylib
0x00000000246cb000 	/usr/lib/system/libcompiler_rt.dylib
0x00000000246cb000 	/usr/lib/system/libcopyfile.dylib
0x00000000246cb000 	/usr/lib/system/libcorecrypto.dylib
0x00000000246cb000 	/usr/lib/system/libdispatch.dylib
0x00000000246cb000 	/usr/lib/system/libdyld.dylib
0x00000000246cb000 	/usr/lib/system/libkeymgr.dylib
0x00000000246cb000 	/usr/lib/system/liblaunch.dylib
0x00000000246cb000 	/usr/lib/system/libmacho.dylib
0x00000000246cb000 	/usr/lib/system/libquarantine.dylib
0x00000000246cb000 	/usr/lib/system/libremovefile.dylib
0x00000000246cb000 	/usr/lib/system/libsystem_asl.dylib
0x00000000246cb000 	/usr/lib/system/libsystem_blocks.dylib
0x00000000246cb000 	/usr/lib/system/libsystem_c.dylib
0x00000000246cb000 	/usr/lib/system/libsystem_configuration.dylib
0x00000000246cb000 	/usr/lib/system/libsystem_coreservices.dylib
0x00000000246cb000 	/usr/lib/system/libsystem_darwin.dylib
0x00000000246cb000 	/usr/lib/system/libsystem_dnssd.dylib
0x00000000246cb000 	/usr/lib/system/libsystem_info.dylib
0x00000000246cb000 	/usr/lib/system/libsystem_m.dylib
0x00000000246cb000 	/usr/lib/system/libsystem_malloc.dylib
0x00000000246cb000 	/usr/lib/system/libsystem_network.dylib
0x00000000246cb000 	/usr/lib/system/libsystem_networkextension.dylib
0x00000000246cb000 	/usr/lib/system/libsystem_notify.dylib
0x00000000246cb000 	/usr/lib/system/libsystem_sandbox.dylib
0x00000000246cb000 	/usr/lib/system/libsystem_secinit.dylib
0x00000000246cb000 	/usr/lib/system/libsystem_kernel.dylib
0x00000000246cb000 	/usr/lib/system/libsystem_platform.dylib
0x00000000246cb000 	/usr/lib/system/libsystem_pthread.dylib
0x00000000246cb000 	/usr/lib/system/libsystem_symptoms.dylib
0x00000000246cb000 	/usr/lib/system/libsystem_trace.dylib
0x00000000246cb000 	/usr/lib/system/libunwind.dylib
0x00000000246cb000 	/usr/lib/system/libxpc.dylib
0x00000000246cb000 	/usr/lib/closure/libclosured.dylib
0x00000000246cb000 	/usr/lib/libbsm.0.dylib
0x00000000246cb000 	/usr/lib/system/libkxld.dylib
0x00000000246cb000 	/usr/lib/libOpenScriptingUtil.dylib
0x00000000246cb000 	/usr/lib/libcoretls.dylib
0x00000000246cb000 	/usr/lib/libcoretls_cfhelpers.dylib
0x00000000246cb000 	/usr/lib/libpam.2.dylib
0x00000000246cb000 	/usr/lib/libsqlite3.dylib
0x00000000246cb000 	/usr/lib/libxar.1.dylib
0x00000000246cb000 	/usr/lib/libbz2.1.0.dylib
0x00000000246cb000 	/usr/lib/liblzma.5.dylib
0x00000000246cb000 	/usr/lib/libnetwork.dylib
0x00000000246cb000 	/usr/lib/libapple_nghttp2.dylib
0x00000000246cb000 	/usr/lib/libpcap.A.dylib
0x00000000246cb000 	/usr/lib/libboringssl.dylib
0x00000000246cb000 	/usr/lib/libusrtcp.dylib
0x00000000246cb000 	/usr/lib/libapple_crypto.dylib
0x00000000246cb000 	/System/Library/Frameworks/CoreServices.framework/Versions/A/Frameworks/FSEvents.framework/Versions/A/FSEvents
0x00000000246cb000 	/System/Library/Frameworks/CoreServices.framework/Versions/A/Frameworks/CarbonCore.framework/Versions/A/CarbonCore
0x00000000246cb000 	/System/Library/Frameworks/CoreServices.framework/Versions/A/Frameworks/Metadata.framework/Versions/A/Metadata
0x00000000246cb000 	/System/Library/Frameworks/CoreServices.framework/Versions/A/Frameworks/OSServices.framework/Versions/A/OSServices
0x00000000246cb000 	/System/Library/Frameworks/CoreServices.framework/Versions/A/Frameworks/SearchKit.framework/Versions/A/SearchKit
0x00000000246cb000 	/System/Library/Frameworks/CoreServices.framework/Versions/A/Frameworks/AE.framework/Versions/A/AE
0x00000000246cb000 	/System/Library/Frameworks/CoreServices.framework/Versions/A/Frameworks/LaunchServices.framework/Versions/A/LaunchServices
0x00000000246cb000 	/System/Library/Frameworks/CoreServices.framework/Versions/A/Frameworks/DictionaryServices.framework/Versions/A/DictionaryServices
0x00000000246cb000 	/System/Library/Frameworks/CoreServices.framework/Versions/A/Frameworks/SharedFileList.framework/Versions/A/SharedFileList
0x00000000246cb000 	/System/Library/Frameworks/NetFS.framework/Versions/A/NetFS
0x00000000246cb000 	/System/Library/PrivateFrameworks/NetAuth.framework/Versions/A/NetAuth
0x00000000246cb000 	/System/Library/PrivateFrameworks/login.framework/Versions/A/Frameworks/loginsupport.framework/Versions/A/loginsupport
0x00000000246cb000 	/System/Library/PrivateFrameworks/TCC.framework/Versions/A/TCC
0x00000000246cb000 	/usr/lib/libmecabra.dylib
0x00000000246cb000 	/System/Library/Frameworks/ApplicationServices.framework/Versions/A/Frameworks/ATS.framework/Versions/A/ATS
0x00000000246cb000 	/System/Library/Frameworks/ApplicationServices.framework/Versions/A/Frameworks/ColorSyncLegacy.framework/Versions/A/ColorSyncLegacy
0x00000000246cb000 	/System/Library/Frameworks/ApplicationServices.framework/Versions/A/Frameworks/HIServices.framework/Versions/A/HIServices
0x00000000246cb000 	/System/Library/Frameworks/ApplicationServices.framework/Versions/A/Frameworks/LangAnalysis.framework/Versions/A/LangAnalysis
0x00000000246cb000 	/System/Library/Frameworks/ApplicationServices.framework/Versions/A/Frameworks/PrintCore.framework/Versions/A/PrintCore
0x00000000246cb000 	/System/Library/Frameworks/ApplicationServices.framework/Versions/A/Frameworks/QD.framework/Versions/A/QD
0x00000000246cb000 	/System/Library/Frameworks/ApplicationServices.framework/Versions/A/Frameworks/SpeechSynthesis.framework/Versions/A/SpeechSynthesis
0x00000000246cb000 	/System/Library/Frameworks/CoreDisplay.framework/Versions/A/CoreDisplay
0x00000000246cb000 	/System/Library/Frameworks/Accelerate.framework/Versions/A/Frameworks/vImage.framework/Versions/A/vImage
0x00000000246cb000 	/System/Library/Frameworks/Accelerate.framework/Versions/A/Frameworks/vecLib.framework/Versions/A/vecLib
0x00000000246cb000 	/System/Library/Frameworks/Accelerate.framework/Versions/A/Frameworks/vecLib.framework/Versions/A/libvDSP.dylib
0x00000000246cb000 	/System/Library/Frameworks/Accelerate.framework/Versions/A/Frameworks/vecLib.framework/Versions/A/libBNNS.dylib
0x00000000246cb000 	/System/Library/Frameworks/Accelerate.framework/Versions/A/Frameworks/vecLib.framework/Versions/A/libQuadrature.dylib
0x00000000246cb000 	/System/Library/Frameworks/Accelerate.framework/Versions/A/Frameworks/vecLib.framework/Versions/A/libvMisc.dylib
0x00000000246cb000 	/System/Library/Frameworks/Accelerate.framework/Versions/A/Frameworks/vecLib.framework/Versions/A/libLAPACK.dylib
0x00000000246cb000 	/System/Library/Frameworks/Accelerate.framework/Versions/A/Frameworks/vecLib.framework/Versions/A/libBLAS.dylib
0x00000000246cb000 	/System/Library/Frameworks/Accelerate.framework/Versions/A/Frameworks/vecLib.framework/Versions/A/libLinearAlgebra.dylib
0x00000000246cb000 	/System/Library/Frameworks/Accelerate.framework/Versions/A/Frameworks/vecLib.framework/Versions/A/libSparse.dylib
0x00000000246cb000 	/System/Library/Frameworks/Accelerate.framework/Versions/A/Frameworks/vecLib.framework/Versions/A/libSparseBLAS.dylib
0x00000000246cb000 	/System/Library/PrivateFrameworks/IOAccelerator.framework/Versions/A/IOAccelerator
0x00000000246cb000 	/System/Library/PrivateFrameworks/IOPresentment.framework/Versions/A/IOPresentment
0x00000000246cb000 	/System/Library/PrivateFrameworks/DSExternalDisplay.framework/Versions/A/DSExternalDisplay
0x00000000246cb000 	/System/Library/Frameworks/OpenGL.framework/Versions/A/Libraries/libCoreFSCache.dylib
0x00000000246cb000 	/System/Library/Frameworks/CoreVideo.framework/Versions/A/CoreVideo
0x00000000246cb000 	/System/Library/PrivateFrameworks/GraphVisualizer.framework/Versions/A/GraphVisualizer
0x00000000246cb000 	/System/Library/Frameworks/MetalPerformanceShaders.framework/Versions/A/MetalPerformanceShaders
0x00000000246cb000 	/usr/lib/libFosl_dynamic.dylib
0x00000000246cb000 	/System/Library/PrivateFrameworks/FaceCore.framework/Versions/A/FaceCore
0x00000000246cb000 	/System/Library/Frameworks/OpenCL.framework/Versions/A/OpenCL
0x00000000246cb000 	/usr/lib/libcompression.dylib
0x00000000246cb000 	/System/Library/Frameworks/ApplicationServices.framework/Versions/A/Frameworks/ATS.framework/Versions/A/Resources/libFontParser.dylib
0x00000000246cb000 	/System/Library/Frameworks/ApplicationServices.framework/Versions/A/Frameworks/ATS.framework/Versions/A/Resources/libFontRegistry.dylib
0x00000000246cb000 	/System/Library/Frameworks/ImageIO.framework/Versions/A/Resources/libJPEG.dylib
0x00000000246cb000 	/System/Library/Frameworks/ImageIO.framework/Versions/A/Resources/libTIFF.dylib
0x00000000246cb000 	/System/Library/Frameworks/ImageIO.framework/Versions/A/Resources/libPng.dylib
0x00000000246cb000 	/System/Library/Frameworks/ImageIO.framework/Versions/A/Resources/libGIF.dylib
0x00000000246cb000 	/System/Library/Frameworks/ImageIO.framework/Versions/A/Resources/libJP2.dylib
0x00000000246cb000 	/System/Library/Frameworks/ImageIO.framework/Versions/A/Resources/libRadiance.dylib
0x00000000246cb000 	/System/Library/PrivateFrameworks/AppleJPEG.framework/Versions/A/AppleJPEG
0x00000000246cb000 	/System/Library/PrivateFrameworks/MetalTools.framework/Versions/A/MetalTools
0x00000000246cb000 	/System/Library/Frameworks/MetalPerformanceShaders.framework/Frameworks/MPSCore.framework/Versions/A/MPSCore
0x00000000246cb000 	/System/Library/Frameworks/MetalPerformanceShaders.framework/Frameworks/MPSImage.framework/Versions/A/MPSImage
0x00000000246cb000 	/System/Library/Frameworks/MetalPerformanceShaders.framework/Frameworks/MPSMatrix.framework/Versions/A/MPSMatrix
0x00000000246cb000 	/System/Library/Frameworks/MetalPerformanceShaders.framework/Frameworks/MPSNeuralNetwork.framework/Versions/A/MPSNeuralNetwork
0x00000000246cb000 	/System/Library/Frameworks/OpenGL.framework/Versions/A/Libraries/libGLU.dylib
0x00000000246cb000 	/System/Library/Frameworks/OpenGL.framework/Versions/A/Libraries/libGFXShared.dylib
0x00000000246cb000 	/System/Library/Frameworks/OpenGL.framework/Versions/A/Libraries/libGL.dylib
0x00000000246cb000 	/System/Library/Frameworks/OpenGL.framework/Versions/A/Libraries/libGLImage.dylib
0x00000000246cb000 	/System/Library/Frameworks/OpenGL.framework/Versions/A/Libraries/libCVMSPluginSupport.dylib
0x00000000246cb000 	/System/Library/Frameworks/OpenGL.framework/Versions/A/Libraries/libCoreVMClient.dylib
0x00000000246cb000 	/usr/lib/libcups.2.dylib
0x00000000246cb000 	/System/Library/Frameworks/Kerberos.framework/Versions/A/Kerberos
0x00000000246cb000 	/System/Library/Frameworks/GSS.framework/Versions/A/GSS
0x00000000246cb000 	/usr/lib/libresolv.9.dylib
0x00000000246cb000 	/usr/lib/libiconv.2.dylib
0x00000000246cb000 	/System/Library/PrivateFrameworks/Heimdal.framework/Versions/A/Heimdal
0x00000000246cb000 	/usr/lib/libheimdal-asn1.dylib
0x00000000246cb000 	/System/Library/Frameworks/OpenDirectory.framework/Versions/A/OpenDirectory
0x00000000246cb000 	/System/Library/PrivateFrameworks/CommonAuth.framework/Versions/A/CommonAuth
0x00000000246cb000 	/System/Library/Frameworks/OpenDirectory.framework/Versions/A/Frameworks/CFOpenDirectory.framework/Versions/A/CFOpenDirectory
0x00000000246cb000 	/System/Library/Frameworks/SecurityFoundation.framework/Versions/A/SecurityFoundation
0x00000000246cb000 	/System/Library/PrivateFrameworks/APFS.framework/Versions/A/APFS
0x00000000246cb000 	/usr/lib/libutil.dylib
0x00000000246cb000 	/System/Library/PrivateFrameworks/AppleSauce.framework/Versions/A/AppleSauce
0x00000000246cb000 	/System/Library/PrivateFrameworks/LinguisticData.framework/Versions/A/LinguisticData
0x00000000246cb000 	/usr/lib/libmarisa.dylib
0x00000000246cb000 	/System/Library/PrivateFrameworks/Lexicon.framework/Versions/A/Lexicon
0x00000000246cb000 	/usr/lib/libChineseTokenizer.dylib
0x00000000246cb000 	/usr/lib/libcmph.dylib
0x00000000246cb000 	/System/Library/PrivateFrameworks/LanguageModeling.framework/Versions/A/LanguageModeling
0x00000000246cb000 	/System/Library/PrivateFrameworks/CoreEmoji.framework/Versions/A/CoreEmoji
0x00000000246cb000 	/System/Library/Frameworks/ServiceManagement.framework/Versions/A/ServiceManagement
0x00000000246cb000 	/System/Library/PrivateFrameworks/BackgroundTaskManagement.framework/Versions/A/BackgroundTaskManagement
0x00000000246cb000 	/usr/lib/libxslt.1.dylib
0x00000000246cb000 	/System/Library/Frameworks/Carbon.framework/Versions/A/Frameworks/Ink.framework/Versions/A/Ink
0x00000000246cb000 	/System/Library/PrivateFrameworks/TextureIO.framework/Versions/A/TextureIO
0x00000000246cb000 	/usr/lib/libate.dylib
0x00000000246cb000 	/System/Library/PrivateFrameworks/CrashReporterSupport.framework/Versions/A/CrashReporterSupport
0x00000000246cb000 	/System/Library/PrivateFrameworks/Sharing.framework/Versions/A/Sharing
0x00000000246cb000 	/System/Library/PrivateFrameworks/IconServices.framework/Versions/A/IconServices
0x00000000246cb000 	/System/Library/PrivateFrameworks/ProtocolBuffer.framework/Versions/A/ProtocolBuffer
0x00000000246cb000 	/System/Library/PrivateFrameworks/Apple80211.framework/Versions/A/Apple80211
0x00000000246cb000 	/System/Library/Frameworks/CoreWLAN.framework/Versions/A/CoreWLAN
0x00000000246cb000 	/System/Library/PrivateFrameworks/CoreUtils.framework/Versions/A/CoreUtils
0x00000000246cb000 	/System/Library/Frameworks/IOBluetooth.framework/Versions/A/IOBluetooth
0x00000000246cb000 	/System/Library/PrivateFrameworks/CoreWiFi.framework/Versions/A/CoreWiFi
0x00000000246cb000 	/System/Library/Frameworks/CoreBluetooth.framework/Versions/A/CoreBluetooth
0x00000000246cb000 	/System/Library/PrivateFrameworks/SignpostNotification.framework/Versions/A/SignpostNotification
0x00000000246cb000 	/System/Library/PrivateFrameworks/DebugSymbols.framework/Versions/A/DebugSymbols
0x00000000246cb000 	/System/Library/PrivateFrameworks/CoreSymbolication.framework/Versions/A/CoreSymbolication
0x00000000246cb000 	/System/Library/PrivateFrameworks/Symbolication.framework/Versions/A/Symbolication
0x00000000246cb000 	/System/Library/PrivateFrameworks/AppleFSCompression.framework/Versions/A/AppleFSCompression
0x00000000246cb000 	/System/Library/PrivateFrameworks/SpeechRecognitionCore.framework/Versions/A/SpeechRecognitionCore
0x000000010cffb000 	/Library/Java/JavaVirtualMachines/jdk1.8.0_45.jdk/Contents/Home/jre/lib/server/libjvm.dylib
0x00000000246cb000 	/usr/lib/libstdc++.6.0.9.dylib
0x000000010b303000 	/Library/Java/JavaVirtualMachines/jdk1.8.0_45.jdk/Contents/Home/jre/lib/libverify.dylib
0x000000010b311000 	/Library/Java/JavaVirtualMachines/jdk1.8.0_45.jdk/Contents/Home/jre/lib/libjava.dylib
0x000000010b347000 	/Library/Java/JavaVirtualMachines/jdk1.8.0_45.jdk/Contents/Home/jre/lib/libjdwp.dylib
0x000000010b392000 	/Library/Java/JavaVirtualMachines/jdk1.8.0_45.jdk/Contents/Home/jre/lib/libnpt.dylib
0x000000010b396000 	/Library/Java/JavaVirtualMachines/jdk1.8.0_45.jdk/Contents/Home/jre/lib/libinstrument.dylib
0x000000010b3f4000 	/Library/Java/JavaVirtualMachines/jdk1.8.0_45.jdk/Contents/Home/jre/lib/libzip.dylib
0x00000000246cb000 	/System/Library/Frameworks/JavaVM.framework/Versions/A/Frameworks/JavaRuntimeSupport.framework/Versions/A/JavaRuntimeSupport
0x00000000246cb000 	/System/Library/Frameworks/JavaVM.framework/Versions/A/Frameworks/JavaNativeFoundation.framework/Versions/A/JavaNativeFoundation
0x00000000246cb000 	/System/Library/Frameworks/JavaVM.framework/Versions/A/JavaVM
0x00000000246cb000 	/System/Library/Frameworks/Carbon.framework/Versions/A/Carbon
0x00000000246cb000 	/System/Library/PrivateFrameworks/JavaLaunching.framework/Versions/A/JavaLaunching
0x00000000246cb000 	/System/Library/Frameworks/Carbon.framework/Versions/A/Frameworks/CommonPanels.framework/Versions/A/CommonPanels
0x00000000246cb000 	/System/Library/Frameworks/Carbon.framework/Versions/A/Frameworks/Help.framework/Versions/A/Help
0x00000000246cb000 	/System/Library/Frameworks/Carbon.framework/Versions/A/Frameworks/ImageCapture.framework/Versions/A/ImageCapture
0x00000000246cb000 	/System/Library/Frameworks/Carbon.framework/Versions/A/Frameworks/OpenScripting.framework/Versions/A/OpenScripting
0x00000000246cb000 	/System/Library/Frameworks/Carbon.framework/Versions/A/Frameworks/Print.framework/Versions/A/Print
0x00000000246cb000 	/System/Library/Frameworks/Carbon.framework/Versions/A/Frameworks/SecurityHI.framework/Versions/A/SecurityHI
0x000000010cf50000 	/Library/Java/JavaVirtualMachines/jdk1.8.0_45.jdk/Contents/Home/jre/lib/libdt_socket.dylib
0x000000012a37d000 	/Library/Java/JavaVirtualMachines/jdk1.8.0_45.jdk/Contents/Home/jre/lib/libnet.dylib

VM Arguments:
jvm_args: -agentlib:jdwp=transport=dt_socket,address=127.0.0.1:64516,suspend=y,server=n -ea -Didea.test.cyclic.buffer.size=1048576 -javaagent:/Users/dmytrobunin/Library/Caches/IntelliJIdea2017.2/groovyHotSwap/gragent.jar -Dfile.encoding=UTF-8 
java_command: com.intellij.rt.execution.junit.JUnitStarter -ideVersion5 -junit4 CrawlerTest,findBook
java_class_path (initial): /Applications/IntelliJ IDEA.app/Contents/lib/idea_rt.jar:/Applications/IntelliJ IDEA.app/Contents/plugins/junit/lib/junit-rt.jar:/Applications/IntelliJ IDEA.app/Contents/plugins/junit/lib/junit5-rt.jar:/Library/Java/JavaVirtualMachines/jdk1.8.0_45.jdk/Contents/Home/jre/lib/charsets.jar:/Library/Java/JavaVirtualMachines/jdk1.8.0_45.jdk/Contents/Home/jre/lib/deploy.jar:/Library/Java/JavaVirtualMachines/jdk1.8.0_45.jdk/Contents/Home/jre/lib/ext/cldrdata.jar:/Library/Java/JavaVirtualMachines/jdk1.8.0_45.jdk/Contents/Home/jre/lib/ext/dnsns.jar:/Library/Java/JavaVirtualMachines/jdk1.8.0_45.jdk/Contents/Home/jre/lib/ext/jfxrt.jar:/Library/Java/JavaVirtualMachines/jdk1.8.0_45.jdk/Contents/Home/jre/lib/ext/localedata.jar:/Library/Java/JavaVirtualMachines/jdk1.8.0_45.jdk/Contents/Home/jre/lib/ext/nashorn.jar:/Library/Java/JavaVirtualMachines/jdk1.8.0_45.jdk/Contents/Home/jre/lib/ext/sunec.jar:/Library/Java/JavaVirtualMachines/jdk1.8.0_45.jdk/Contents/Home/jre/lib/ext/sunjce_provider.jar:/Library/Java/JavaVirtualMachines/jdk1.8.0_45.jdk/Contents/Home/jre/lib/ext/sunpkcs11.jar:/Library/Java/JavaVirtualMachines/jdk1.8.0_45.jdk/Contents/Home/jre/lib/ext/zipfs.jar:/Library/Java/JavaVirtualMachines/jdk1.8.0_45.jdk/Contents/Home/jre/lib/javaws.jar:/Library/Java/JavaVirtualMachines/jdk1.8.0_45.jdk/Contents/Home/jre/lib/jce.jar:/Library/Java/JavaVirtualMachines/jdk1.8.0_45.jdk/Contents/Home/jre/lib/jfr.jar:/Library/Java/JavaVirtualMachines/jdk1.8.0_45.jdk/Contents/Home/jre/lib/jfxswt.jar:/Library/Java/JavaVirtualMachines/jdk1.8.0_45.jdk/Contents/Home/jre/lib/jsse.jar:/Library/Java/JavaVirtualMachines/jdk1.8.0_45.jdk/Contents/Home/jre/lib/management-agent.jar:/Library/Java/JavaVirtualMachines/jdk1.8.0_45.jdk/Contents/Home/jre/lib/plugin.jar:/Library/Java/JavaVirtualMachines/jdk1.8.0_45.jdk/Contents/Home/jre/lib/resources.jar:/Library/Java/JavaVirtualMachines/jdk1.8.0_45.jdk/Contents/Home/jre/lib/rt.jar:/Library/Java/JavaVirtualMachines/jdk1.8.0_45.jdk/Conte
Launcher Type: SUN_STANDARD

Environment Variables:
PATH=/usr/bin:/bin:/usr/sbin:/sbin
SHELL=/bin/bash
DISPLAY=/private/tmp/com.apple.launchd.VnxdcLSFOr/org.macosforge.xquartz:0

Signal Handlers:
SIGSEGV: [libjvm.dylib+0x58ef95], sa_mask[0]=11111111011111110111111111111111, sa_flags=SA_ONSTACK|SA_RESTART|SA_SIGINFO
SIGBUS: [libjvm.dylib+0x58ef95], sa_mask[0]=11111111011111110111111111111111, sa_flags=SA_RESTART|SA_SIGINFO
SIGFPE: [libjvm.dylib+0x46c108], sa_mask[0]=11111111011111110111111111111111, sa_flags=SA_RESTART|SA_SIGINFO
SIGPIPE: [libjvm.dylib+0x46c108], sa_mask[0]=11111111011111110111111111111111, sa_flags=SA_RESTART|SA_SIGINFO
SIGXFSZ: [libjvm.dylib+0x46c108], sa_mask[0]=11111111011111110111111111111111, sa_flags=SA_RESTART|SA_SIGINFO
SIGILL: [libjvm.dylib+0x46c108], sa_mask[0]=11111111011111110111111111111111, sa_flags=SA_RESTART|SA_SIGINFO
SIGUSR1: SIG_DFL, sa_mask[0]=00000000000000000000000000000000, sa_flags=none
SIGUSR2: [libjvm.dylib+0x46bc26], sa_mask[0]=00100000000000000000000000000000, sa_flags=SA_RESTART|SA_SIGINFO
SIGHUP: [libjvm.dylib+0x46a1f9], sa_mask[0]=11111111011111110111111111111111, sa_flags=SA_RESTART|SA_SIGINFO
SIGINT: [libjvm.dylib+0x46a1f9], sa_mask[0]=11111111011111110111111111111111, sa_flags=SA_RESTART|SA_SIGINFO
SIGTERM: [libjvm.dylib+0x46a1f9], sa_mask[0]=11111111011111110111111111111111, sa_flags=SA_RESTART|SA_SIGINFO
SIGQUIT: [libjvm.dylib+0x46a1f9], sa_mask[0]=11111111011111110111111111111111, sa_flags=SA_RESTART|SA_SIGINFO


---------------  S Y S T E M  ---------------

OS:Bsduname:Darwin 17.3.0 Darwin Kernel Version 17.3.0: Thu Nov  9 18:09:22 PST 2017; root:xnu-4570.31.3~1/RELEASE_X86_64 x86_64
rlimit: STACK 8192k, CORE 0k, NPROC 1418, NOFILE 10240, AS infinity
load average:10.15 7.25 6.78

CPU:total 8 (4 cores per cpu, 2 threads per core) family 6 model 58 stepping 9, cmov, cx8, fxsr, mmx, sse, sse2, sse3, ssse3, sse4.1, sse4.2, popcnt, avx, aes, clmul, erms, ht, tsc, tscinvbit, tscinv

Memory: 4k page, physical 16777216k(276192k free)

/proc/meminfo:


vm_info: Java HotSpot(TM) 64-Bit Server VM (25.45-b02) for bsd-amd64 JRE (1.8.0_45-b14), built on Apr 10 2015 10:46:38 by "java_re" with gcc 4.2.1 (Based on Apple Inc. build 5658) (LLVM build 2336.11.00)

time: Sun Jan 14 21:35:56 2018
elapsed time: 1837 seconds (0d 0h 30m 37s)

