#
# A fatal error has been detected by the Java Runtime Environment:
#
#  SIGSEGV (0xb) at pc=0x0000000105a32d10, pid=8995, tid=15111
#
# JRE version: Java(TM) SE Runtime Environment (8.0_45-b14) (build 1.8.0_45-b14)
# Java VM: Java HotSpot(TM) 64-Bit Server VM (25.45-b02 mixed mode bsd-amd64 compressed oops)
# Problematic frame:
# V  [libjvm.dylib+0x432d10]  Method::checked_resolve_jmethod_id(_jmethodID*)+0xe
#
# Failed to write core dump. Core dumps have been disabled. To enable core dumping, try "ulimit -c unlimited" before starting Java again
#
# If you would like to submit a bug report, please visit:
#   http://bugreport.java.com/bugreport/crash.jsp
#

---------------  T H R E A D  ---------------

Current thread (0x00007fc8bb02b800):  JavaThread "JDWP Transport Listener: dt_socket" daemon [_thread_in_vm, id=15111, stack(0x00007000107df000,0x00007000108df000)]

siginfo: si_signo: 11 (SIGSEGV), si_code: 0 (unknown), si_addr: 0x0000000000000000

Registers:
RAX=0x0000000000000001, RBX=0x00007000108dea8b, RCX=0x0000000105dfa190, RDX=0x00007000108dea8b
RSP=0x00007000108de9d0, RBP=0x00007000108de9e0, RSI=0x00007fc8bb02b800, RDI=0x5000000000000000
R8 =0x0000000000000002, R9 =0x0000000000000000, R10=0x000007fc8bae368f, R11=0x0000000000000003
R12=0x00007fc8bb02b800, R13=0x5000000000000000, R14=0x5000000000000000, R15=0x00007fc8bac0a8d0
RIP=0x0000000105a32d10, EFLAGS=0x0000000000010206, ERR=0x0000000000000000
  TRAPNO=0x000000000000000d

Top of Stack: (sp=0x00007000108de9d0)
0x00007000108de9d0:   00007000108dea8b 00007000108dea8b
0x00007000108de9e0:   00007000108dea40 00000001059430d6
0x00007000108de9f0:   00007fc8bb02b800 0000000000000000
0x00007000108dea00:   0000000000000000 0000000000000000
0x00007000108dea10:   00007fc8bb02b800 00007fc8bb02b800
0x00007000108dea20:   00007000108dea8b 00007000108dea90
0x00007000108dea30:   5000000000000000 000000000000000d
0x00007000108dea40:   00007000108dea60 000000010452c780
0x00007000108dea50:   0000000000000001 00007000108deb08
0x00007000108dea60:   00007000108dead0 00000001045111f3
0x00007000108dea70:   00007000108deaa0 00007fc8bae369c0
0x00007000108dea80:   0000000f00000032 00000001008deb08
0x00007000108dea90:   0000000000000000 0000000000000000
0x00007000108deaa0:   0000000000000000 00007000108dec90
0x00007000108deab0:   0000000104533e7a 00007fc8bae33d80
0x00007000108deac0:   00007000108deb08 000000010453f598
0x00007000108dead0:   00007000108deae0 00000001045112ec
0x00007000108deae0:   00007000108ded00 000000010451a898
0x00007000108deaf0:   00043e0d00000013 00000000000f0200
0x00007000108deb00:   00007fc8bae2b360 00007fc8bc1d67b0
0x00007000108deb10:   0000000000000300 00007fc8bae368d0
0x00007000108deb20:   000001000000012c 00007000108deb58
0x00007000108deb30:   00007fc8bae36ca0 00007f0000000000
0x00007000108deb40:   00043e0d0000053f 00007fc800002b80
0x00007000108deb50:   0000000000000000 c87f00000f000000
0x00007000108deb60:   1200000048edd0ba 77617243646e6966
0x00007000108deb70:   69746341676e696c 4928210000006e6f
0x00007000108deb80:   656c776172634c29 2f6c65646f6d2f72
0x00007000108deb90:   676e696c77617243 003b6e6f69746341
0x00007000108deba0:   0002000000000000 00906d12bdc87f00
0x00007000108debb0:   6c417465670f0000 6e656d75636f446c
0x00007000108debc0:   4c28250000007374 6e616c2f6176616a 

Instructions: (pc=0x0000000105a32d10)
0x0000000105a32cf0:   40 48 48 85 c0 75 e0 30 c0 0f b6 c0 5d c3 31 c0
0x0000000105a32d00:   5d c3 55 48 89 e5 53 48 83 ec 08 48 85 ff 74 24
0x0000000105a32d10:   48 8b 1f 48 85 db 74 1c 48 83 fb 37 74 16 48 8b
0x0000000105a32d20:   03 48 89 df ff 50 10 84 c0 b8 00 00 00 00 48 0f 

Register to memory mapping:

RAX=0x0000000000000001 is an unknown value
RBX=0x00007000108dea8b is pointing into the stack for thread: 0x00007fc8bb02b800
RCX=0x0000000105dfa190: UseMembar+0 in /Library/Java/JavaVirtualMachines/jdk1.8.0_45.jdk/Contents/Home/jre/lib/server/libjvm.dylib at 0x0000000105600000
RDX=0x00007000108dea8b is pointing into the stack for thread: 0x00007fc8bb02b800
RSP=0x00007000108de9d0 is pointing into the stack for thread: 0x00007fc8bb02b800
RBP=0x00007000108de9e0 is pointing into the stack for thread: 0x00007fc8bb02b800
RSI=0x00007fc8bb02b800 is a thread
RDI=0x5000000000000000 is an unknown value
R8 =0x0000000000000002 is an unknown value
R9 =0x0000000000000000 is an unknown value
R10=0x000007fc8bae368f is an unknown value
R11=0x0000000000000003 is an unknown value
R12=0x00007fc8bb02b800 is a thread
R13=0x5000000000000000 is an unknown value
R14=0x5000000000000000 is an unknown value
R15=0x00007fc8bac0a8d0 is an unknown value


Stack: [0x00007000107df000,0x00007000108df000],  sp=0x00007000108de9d0,  free space=1022k
Native frames: (J=compiled Java code, j=interpreted, Vv=VM code, C=native code)
V  [libjvm.dylib+0x432d10]  Method::checked_resolve_jmethod_id(_jmethodID*)+0xe
V  [libjvm.dylib+0x3430d6]  jvmti_IsMethodSynthetic+0xb2
C  [libjdwp.dylib+0x20780]  isMethodSynthetic+0x63
C  [libjdwp.dylib+0x51f3]  methods1+0x10b
C  [libjdwp.dylib+0x52ec]  methodsWithGeneric+0xe
C  [libjdwp.dylib+0xe898]  debugLoop_run+0x1ce
C  [libjdwp.dylib+0x1f6ba]  attachThread+0x4d
V  [libjvm.dylib+0x38401c]  JvmtiAgentThread::call_start_function()+0x38
V  [libjvm.dylib+0x549acf]  JavaThread::thread_main_inner()+0x9b
V  [libjvm.dylib+0x54b1c0]  JavaThread::run()+0x1c2
V  [libjvm.dylib+0x46ea7e]  java_start(Thread*)+0xf6
C  [libsystem_pthread.dylib+0x36c1]  _pthread_body+0x154
C  [libsystem_pthread.dylib+0x356d]  _pthread_body+0x0
C  [libsystem_pthread.dylib+0x2c5d]  thread_start+0xd
C  0x0000000000000000


---------------  P R O C E S S  ---------------

Java Threads: ( => current thread )
  0x00007fc8be804000 JavaThread "Service Thread" daemon [_thread_blocked, id=43267, stack(0x0000700010ef4000,0x0000700010ff4000)]
  0x00007fc8bd877000 JavaThread "C1 CompilerThread3" daemon [_thread_blocked, id=22275, stack(0x0000700010df1000,0x0000700010ef1000)]
  0x00007fc8bd86e000 JavaThread "C2 CompilerThread2" daemon [_thread_blocked, id=21763, stack(0x0000700010cee000,0x0000700010dee000)]
  0x00007fc8bd86d800 JavaThread "C2 CompilerThread1" daemon [_thread_blocked, id=16131, stack(0x0000700010beb000,0x0000700010ceb000)]
  0x00007fc8bc03e800 JavaThread "C2 CompilerThread0" daemon [_thread_blocked, id=15363, stack(0x0000700010ae8000,0x0000700010be8000)]
  0x00007fc8be025800 JavaThread "JDWP Command Reader" daemon [_thread_in_native, id=16643, stack(0x00007000109e5000,0x0000700010ae5000)]
  0x00007fc8bb02c800 JavaThread "JDWP Event Helper Thread" daemon [_thread_blocked, id=17155, stack(0x00007000108e2000,0x00007000109e2000)]
=>0x00007fc8bb02b800 JavaThread "JDWP Transport Listener: dt_socket" daemon [_thread_in_vm, id=15111, stack(0x00007000107df000,0x00007000108df000)]
  0x00007fc8bb003800 JavaThread "Signal Dispatcher" daemon [_thread_blocked, id=14595, stack(0x00007000106dc000,0x00007000107dc000)]
  0x00007fc8be022000 JavaThread "Finalizer" daemon [_thread_blocked, id=19715, stack(0x00007000105d9000,0x00007000106d9000)]
  0x00007fc8be021000 JavaThread "Reference Handler" daemon [_thread_blocked, id=20227, stack(0x00007000104d6000,0x00007000105d6000)]
  0x00007fc8bf001000 JavaThread "main" [_thread_blocked, id=6403, stack(0x000070000fab8000,0x000070000fbb8000)]

Other Threads:
  0x00007fc8be01e800 VMThread [stack: 0x00007000103d3000,0x00007000104d3000] [id=12803]
  0x00007fc8be831000 WatcherThread [stack: 0x0000700010ff7000,0x00007000110f7000] [id=43011]

VM state:not at safepoint (normal execution)

VM Mutex/Monitor currently owned by a thread: None

Heap:
 PSYoungGen      total 76288K, used 28862K [0x000000076ab00000, 0x0000000770000000, 0x00000007c0000000)
  eden space 65536K, 44% used [0x000000076ab00000,0x000000076c72fac0,0x000000076eb00000)
  from space 10752K, 0% used [0x000000076f580000,0x000000076f580000,0x0000000770000000)
  to   space 10752K, 0% used [0x000000076eb00000,0x000000076eb00000,0x000000076f580000)
 ParOldGen       total 175104K, used 0K [0x00000006c0000000, 0x00000006cab00000, 0x000000076ab00000)
  object space 175104K, 0% used [0x00000006c0000000,0x00000006c0000000,0x00000006cab00000)
 Metaspace       used 7081K, capacity 7206K, committed 7296K, reserved 1056768K
  class space    used 824K, capacity 849K, committed 896K, reserved 1048576K

Card table byte_map: [0x0000000106932000,0x0000000107133000] byte_map_base: 0x0000000103332000

Marking Bits: (ParMarkBitMap*) 0x0000000105ec27a0
 Begin Bits: [0x000000011e272000, 0x0000000122272000)
 End Bits:   [0x0000000122272000, 0x0000000126272000)

Polling page: 0x000000010450b000

CodeCache: size=245760Kb used=3446Kb max_used=3458Kb free=242313Kb
 bounds [0x000000010f272000, 0x000000010f5e2000, 0x000000011e272000]
 total_blobs=1035 nmethods=762 adapters=195
 compilation: enabled

Compilation events (10 events):
Event: 9.475 Thread 0x00007fc8bd877000 nmethod 761 0x000000010f5cbd90 code [0x000000010f5cbfa0, 0x000000010f5cc828]
Event: 9.475 Thread 0x00007fc8bd877000  760       3       org.jsoup.nodes.Element::outerHtmlHead (188 bytes)
Event: 9.477 Thread 0x00007fc8bd877000 nmethod 760 0x000000010f5ccc50 code [0x000000010f5ccf40, 0x000000010f5ce908]
Event: 9.477 Thread 0x00007fc8bd877000  762       3       org.jsoup.nodes.Element::outerHtmlTail (133 bytes)
Event: 9.478 Thread 0x00007fc8bd877000 nmethod 762 0x000000010f5d20d0 code [0x000000010f5d2340, 0x000000010f5d3388]
Event: 9.478 Thread 0x00007fc8bd86d800 nmethod 759 0x000000010f5c7b50 code [0x000000010f5c7cc0, 0x000000010f5c8038]
Event: 11.909 Thread 0x00007fc8bd877000  763       3       org.jsoup.helper.StringUtil::padding (55 bytes)
Event: 11.909 Thread 0x00007fc8bd86e000  764       4       org.jsoup.nodes.Entities::canEncode (57 bytes)
Event: 11.910 Thread 0x00007fc8bd877000 nmethod 763 0x000000010f5d1310 code [0x000000010f5d1500, 0x000000010f5d1cb8]
Event: 11.911 Thread 0x00007fc8bd86e000 nmethod 764 0x000000010f5cfad0 code [0x000000010f5cfc20, 0x000000010f5cfd18]

GC Heap History (0 events):
No events

Deoptimization events (2 events):
Event: 0.906 Thread 0x00007fc8bf001000 Uncommon trap: reason=predicate action=maybe_recompile pc=0x000000010f49d004 method=sun.net.www.ParseUtil.encodePath(Ljava/lang/String;Z)Ljava/lang/String; @ 36
Event: 1.317 Thread 0x00007fc8bf001000 Uncommon trap: reason=unstable_if action=reinterpret pc=0x000000010f516dec method=org.jsoup.parser.CharacterReader.consumeToAny([C)Ljava/lang/String; @ 92

Internal exceptions (7 events):
Event: 0.072 Thread 0x00007fc8bf001000 Exception <a 'java/lang/NoSuchMethodError': Method sun.misc.Unsafe.defineClass(Ljava/lang/String;[BII)Ljava/lang/Class; name or signature does not match> (0x000000076ab12db0) thrown at [/Users/java_re/workspace/8-2-build-macosx-x86_64/jdk8u45/3457/hotspot
Event: 0.073 Thread 0x00007fc8bf001000 Exception <a 'java/lang/NoSuchMethodError': Method sun.misc.Unsafe.prefetchRead(Ljava/lang/Object;J)V name or signature does not match> (0x000000076ab13040) thrown at [/Users/java_re/workspace/8-2-build-macosx-x86_64/jdk8u45/3457/hotspot/src/share/vm/prim
Event: 0.331 Thread 0x00007fc8bf001000 Exception <a 'java/io/FileNotFoundException'> (0x000000076affb168) thrown at [/Users/java_re/workspace/8-2-build-macosx-x86_64/jdk8u45/3457/hotspot/src/share/vm/prims/jni.cpp, line 709]
Event: 0.356 Thread 0x00007fc8bf001000 Exception <a 'java/security/PrivilegedActionException'> (0x000000076b195268) thrown at [/Users/java_re/workspace/8-2-build-macosx-x86_64/jdk8u45/3457/hotspot/src/share/vm/prims/jvm.cpp, line 1382]
Event: 0.356 Thread 0x00007fc8bf001000 Exception <a 'java/security/PrivilegedActionException'> (0x000000076b195420) thrown at [/Users/java_re/workspace/8-2-build-macosx-x86_64/jdk8u45/3457/hotspot/src/share/vm/prims/jvm.cpp, line 1382]
Event: 0.356 Thread 0x00007fc8bf001000 Exception <a 'java/security/PrivilegedActionException'> (0x000000076b198610) thrown at [/Users/java_re/workspace/8-2-build-macosx-x86_64/jdk8u45/3457/hotspot/src/share/vm/prims/jvm.cpp, line 1382]
Event: 0.356 Thread 0x00007fc8bf001000 Exception <a 'java/security/PrivilegedActionException'> (0x000000076b1987c8) thrown at [/Users/java_re/workspace/8-2-build-macosx-x86_64/jdk8u45/3457/hotspot/src/share/vm/prims/jvm.cpp, line 1382]

Events (10 events):
Event: 1079.528 Executing VM operation: ChangeBreakpoints
Event: 1079.528 Executing VM operation: ChangeBreakpoints done
Event: 1079.528 Executing VM operation: ChangeBreakpoints
Event: 1079.528 Executing VM operation: ChangeBreakpoints done
Event: 1082.975 Thread 0x00007fc8bb02b800 DEOPT PACKING pc=0x000000010f457c6c sp=0x00007000108dd540
Event: 1082.975 Thread 0x00007fc8bb02b800 DEOPT UNPACKING pc=0x000000010f2b9633 sp=0x00007000108dd298 mode 1
Event: 1082.981 Executing VM operation: RedefineClasses
Event: 1082.997 Executing VM operation: RedefineClasses done
Event: 1082.998 Executing VM operation: GetOrSetLocal
Event: 1082.998 Executing VM operation: GetOrSetLocal done


Dynamic libraries:
0x00000000246cb000 	/System/Library/Frameworks/Cocoa.framework/Versions/A/Cocoa
0x00000000246cb000 	/System/Library/Frameworks/Security.framework/Versions/A/Security
0x00000000246cb000 	/System/Library/Frameworks/ApplicationServices.framework/Versions/A/ApplicationServices
0x00000000246cb000 	/usr/lib/libz.1.dylib
0x00000000246cb000 	/usr/lib/libSystem.B.dylib
0x00000000246cb000 	/usr/lib/libobjc.A.dylib
0x00000000246cb000 	/System/Library/Frameworks/CoreFoundation.framework/Versions/A/CoreFoundation
0x00000000246cb000 	/System/Library/Frameworks/Foundation.framework/Versions/C/Foundation
0x00000000246cb000 	/System/Library/Frameworks/AppKit.framework/Versions/C/AppKit
0x00000000246cb000 	/System/Library/Frameworks/CoreData.framework/Versions/A/CoreData
0x00000000246cb000 	/System/Library/PrivateFrameworks/RemoteViewServices.framework/Versions/A/RemoteViewServices
0x00000000246cb000 	/System/Library/PrivateFrameworks/UIFoundation.framework/Versions/A/UIFoundation
0x00000000246cb000 	/System/Library/PrivateFrameworks/DFRFoundation.framework/Versions/A/DFRFoundation
0x00000000246cb000 	/System/Library/Frameworks/Metal.framework/Versions/A/Metal
0x00000000246cb000 	/System/Library/PrivateFrameworks/DesktopServicesPriv.framework/Versions/A/DesktopServicesPriv
0x00000000246cb000 	/usr/lib/libenergytrace.dylib
0x00000000246cb000 	/System/Library/PrivateFrameworks/SkyLight.framework/Versions/A/SkyLight
0x00000000246cb000 	/System/Library/Frameworks/CoreGraphics.framework/Versions/A/CoreGraphics
0x00000000246cb000 	/usr/lib/libScreenReader.dylib
0x00000000246cb000 	/System/Library/Frameworks/Accelerate.framework/Versions/A/Accelerate
0x00000000246cb000 	/System/Library/Frameworks/IOSurface.framework/Versions/A/IOSurface
0x00000000246cb000 	/System/Library/Frameworks/AudioToolbox.framework/Versions/A/AudioToolbox
0x00000000246cb000 	/System/Library/Frameworks/AudioUnit.framework/Versions/A/AudioUnit
0x00000000246cb000 	/System/Library/PrivateFrameworks/DataDetectorsCore.framework/Versions/A/DataDetectorsCore
0x00000000246cb000 	/System/Library/Frameworks/Carbon.framework/Versions/A/Frameworks/HIToolbox.framework/Versions/A/HIToolbox
0x00000000246cb000 	/usr/lib/libicucore.A.dylib
0x00000000246cb000 	/System/Library/Frameworks/QuartzCore.framework/Versions/A/QuartzCore
0x00000000246cb000 	/System/Library/Frameworks/Carbon.framework/Versions/A/Frameworks/SpeechRecognition.framework/Versions/A/SpeechRecognition
0x00000000246cb000 	/usr/lib/libauto.dylib
0x00000000246cb000 	/usr/lib/libxml2.2.dylib
0x00000000246cb000 	/System/Library/PrivateFrameworks/CoreUI.framework/Versions/A/CoreUI
0x00000000246cb000 	/System/Library/Frameworks/CoreAudio.framework/Versions/A/CoreAudio
0x00000000246cb000 	/System/Library/Frameworks/DiskArbitration.framework/Versions/A/DiskArbitration
0x00000000246cb000 	/usr/lib/liblangid.dylib
0x00000000246cb000 	/System/Library/PrivateFrameworks/MultitouchSupport.framework/Versions/A/MultitouchSupport
0x00000000246cb000 	/System/Library/Frameworks/IOKit.framework/Versions/A/IOKit
0x00000000246cb000 	/usr/lib/libDiagnosticMessagesClient.dylib
0x00000000246cb000 	/System/Library/Frameworks/CoreServices.framework/Versions/A/CoreServices
0x00000000246cb000 	/System/Library/PrivateFrameworks/PerformanceAnalysis.framework/Versions/A/PerformanceAnalysis
0x00000000246cb000 	/System/Library/Frameworks/OpenGL.framework/Versions/A/OpenGL
0x00000000246cb000 	/System/Library/Frameworks/ColorSync.framework/Versions/A/ColorSync
0x00000000246cb000 	/System/Library/Frameworks/CoreImage.framework/Versions/A/CoreImage
0x00000000246cb000 	/System/Library/Frameworks/CoreText.framework/Versions/A/CoreText
0x00000000246cb000 	/System/Library/Frameworks/ImageIO.framework/Versions/A/ImageIO
0x00000000246cb000 	/System/Library/PrivateFrameworks/Backup.framework/Versions/A/Backup
0x00000000246cb000 	/usr/lib/libarchive.2.dylib
0x00000000246cb000 	/System/Library/Frameworks/CFNetwork.framework/Versions/A/CFNetwork
0x00000000246cb000 	/System/Library/Frameworks/SystemConfiguration.framework/Versions/A/SystemConfiguration
0x00000000246cb000 	/usr/lib/libCRFSuite.dylib
0x00000000246cb000 	/usr/lib/libc++.1.dylib
0x00000000246cb000 	/usr/lib/libc++abi.dylib
0x00000000246cb000 	/usr/lib/system/libcache.dylib
0x00000000246cb000 	/usr/lib/system/libcommonCrypto.dylib
0x00000000246cb000 	/usr/lib/system/libcompiler_rt.dylib
0x00000000246cb000 	/usr/lib/system/libcopyfile.dylib
0x00000000246cb000 	/usr/lib/system/libcorecrypto.dylib
0x00000000246cb000 	/usr/lib/system/libdispatch.dylib
0x00000000246cb000 	/usr/lib/system/libdyld.dylib
0x00000000246cb000 	/usr/lib/system/libkeymgr.dylib
0x00000000246cb000 	/usr/lib/system/liblaunch.dylib
0x00000000246cb000 	/usr/lib/system/libmacho.dylib
0x00000000246cb000 	/usr/lib/system/libquarantine.dylib
0x00000000246cb000 	/usr/lib/system/libremovefile.dylib
0x00000000246cb000 	/usr/lib/system/libsystem_asl.dylib
0x00000000246cb000 	/usr/lib/system/libsystem_blocks.dylib
0x00000000246cb000 	/usr/lib/system/libsystem_c.dylib
0x00000000246cb000 	/usr/lib/system/libsystem_configuration.dylib
0x00000000246cb000 	/usr/lib/system/libsystem_coreservices.dylib
0x00000000246cb000 	/usr/lib/system/libsystem_darwin.dylib
0x00000000246cb000 	/usr/lib/system/libsystem_dnssd.dylib
0x00000000246cb000 	/usr/lib/system/libsystem_info.dylib
0x00000000246cb000 	/usr/lib/system/libsystem_m.dylib
0x00000000246cb000 	/usr/lib/system/libsystem_malloc.dylib
0x00000000246cb000 	/usr/lib/system/libsystem_network.dylib
0x00000000246cb000 	/usr/lib/system/libsystem_networkextension.dylib
0x00000000246cb000 	/usr/lib/system/libsystem_notify.dylib
0x00000000246cb000 	/usr/lib/system/libsystem_sandbox.dylib
0x00000000246cb000 	/usr/lib/system/libsystem_secinit.dylib
0x00000000246cb000 	/usr/lib/system/libsystem_kernel.dylib
0x00000000246cb000 	/usr/lib/system/libsystem_platform.dylib
0x00000000246cb000 	/usr/lib/system/libsystem_pthread.dylib
0x00000000246cb000 	/usr/lib/system/libsystem_symptoms.dylib
0x00000000246cb000 	/usr/lib/system/libsystem_trace.dylib
0x00000000246cb000 	/usr/lib/system/libunwind.dylib
0x00000000246cb000 	/usr/lib/system/libxpc.dylib
0x00000000246cb000 	/usr/lib/closure/libclosured.dylib
0x00000000246cb000 	/usr/lib/libbsm.0.dylib
0x00000000246cb000 	/usr/lib/system/libkxld.dylib
0x00000000246cb000 	/usr/lib/libOpenScriptingUtil.dylib
0x00000000246cb000 	/usr/lib/libcoretls.dylib
0x00000000246cb000 	/usr/lib/libcoretls_cfhelpers.dylib
0x00000000246cb000 	/usr/lib/libpam.2.dylib
0x00000000246cb000 	/usr/lib/libsqlite3.dylib
0x00000000246cb000 	/usr/lib/libxar.1.dylib
0x00000000246cb000 	/usr/lib/libbz2.1.0.dylib
0x00000000246cb000 	/usr/lib/liblzma.5.dylib
0x00000000246cb000 	/usr/lib/libnetwork.dylib
0x00000000246cb000 	/usr/lib/libapple_nghttp2.dylib
0x00000000246cb000 	/usr/lib/libpcap.A.dylib
0x00000000246cb000 	/usr/lib/libboringssl.dylib
0x00000000246cb000 	/usr/lib/libusrtcp.dylib
0x00000000246cb000 	/usr/lib/libapple_crypto.dylib
0x00000000246cb000 	/System/Library/Frameworks/CoreServices.framework/Versions/A/Frameworks/FSEvents.framework/Versions/A/FSEvents
0x00000000246cb000 	/System/Library/Frameworks/CoreServices.framework/Versions/A/Frameworks/CarbonCore.framework/Versions/A/CarbonCore
0x00000000246cb000 	/System/Library/Frameworks/CoreServices.framework/Versions/A/Frameworks/Metadata.framework/Versions/A/Metadata
0x00000000246cb000 	/System/Library/Frameworks/CoreServices.framework/Versions/A/Frameworks/OSServices.framework/Versions/A/OSServices
0x00000000246cb000 	/System/Library/Frameworks/CoreServices.framework/Versions/A/Frameworks/SearchKit.framework/Versions/A/SearchKit
0x00000000246cb000 	/System/Library/Frameworks/CoreServices.framework/Versions/A/Frameworks/AE.framework/Versions/A/AE
0x00000000246cb000 	/System/Library/Frameworks/CoreServices.framework/Versions/A/Frameworks/LaunchServices.framework/Versions/A/LaunchServices
0x00000000246cb000 	/System/Library/Frameworks/CoreServices.framework/Versions/A/Frameworks/DictionaryServices.framework/Versions/A/DictionaryServices
0x00000000246cb000 	/System/Library/Frameworks/CoreServices.framework/Versions/A/Frameworks/SharedFileList.framework/Versions/A/SharedFileList
0x00000000246cb000 	/System/Library/Frameworks/NetFS.framework/Versions/A/NetFS
0x00000000246cb000 	/System/Library/PrivateFrameworks/NetAuth.framework/Versions/A/NetAuth
0x00000000246cb000 	/System/Library/PrivateFrameworks/login.framework/Versions/A/Frameworks/loginsupport.framework/Versions/A/loginsupport
0x00000000246cb000 	/System/Library/PrivateFrameworks/TCC.framework/Versions/A/TCC
0x00000000246cb000 	/usr/lib/libmecabra.dylib
0x00000000246cb000 	/System/Library/Frameworks/ApplicationServices.framework/Versions/A/Frameworks/ATS.framework/Versions/A/ATS
0x00000000246cb000 	/System/Library/Frameworks/ApplicationServices.framework/Versions/A/Frameworks/ColorSyncLegacy.framework/Versions/A/ColorSyncLegacy
0x00000000246cb000 	/System/Library/Frameworks/ApplicationServices.framework/Versions/A/Frameworks/HIServices.framework/Versions/A/HIServices
0x00000000246cb000 	/System/Library/Frameworks/ApplicationServices.framework/Versions/A/Frameworks/LangAnalysis.framework/Versions/A/LangAnalysis
0x00000000246cb000 	/System/Library/Frameworks/ApplicationServices.framework/Versions/A/Frameworks/PrintCore.framework/Versions/A/PrintCore
0x00000000246cb000 	/System/Library/Frameworks/ApplicationServices.framework/Versions/A/Frameworks/QD.framework/Versions/A/QD
0x00000000246cb000 	/System/Library/Frameworks/ApplicationServices.framework/Versions/A/Frameworks/SpeechSynthesis.framework/Versions/A/SpeechSynthesis
0x00000000246cb000 	/System/Library/Frameworks/CoreDisplay.framework/Versions/A/CoreDisplay
0x00000000246cb000 	/System/Library/Frameworks/Accelerate.framework/Versions/A/Frameworks/vImage.framework/Versions/A/vImage
0x00000000246cb000 	/System/Library/Frameworks/Accelerate.framework/Versions/A/Frameworks/vecLib.framework/Versions/A/vecLib
0x00000000246cb000 	/System/Library/Frameworks/Accelerate.framework/Versions/A/Frameworks/vecLib.framework/Versions/A/libvDSP.dylib
0x00000000246cb000 	/System/Library/Frameworks/Accelerate.framework/Versions/A/Frameworks/vecLib.framework/Versions/A/libBNNS.dylib
0x00000000246cb000 	/System/Library/Frameworks/Accelerate.framework/Versions/A/Frameworks/vecLib.framework/Versions/A/libQuadrature.dylib
0x00000000246cb000 	/System/Library/Frameworks/Accelerate.framework/Versions/A/Frameworks/vecLib.framework/Versions/A/libvMisc.dylib
0x00000000246cb000 	/System/Library/Frameworks/Accelerate.framework/Versions/A/Frameworks/vecLib.framework/Versions/A/libLAPACK.dylib
0x00000000246cb000 	/System/Library/Frameworks/Accelerate.framework/Versions/A/Frameworks/vecLib.framework/Versions/A/libBLAS.dylib
0x00000000246cb000 	/System/Library/Frameworks/Accelerate.framework/Versions/A/Frameworks/vecLib.framework/Versions/A/libLinearAlgebra.dylib
0x00000000246cb000 	/System/Library/Frameworks/Accelerate.framework/Versions/A/Frameworks/vecLib.framework/Versions/A/libSparse.dylib
0x00000000246cb000 	/System/Library/Frameworks/Accelerate.framework/Versions/A/Frameworks/vecLib.framework/Versions/A/libSparseBLAS.dylib
0x00000000246cb000 	/System/Library/PrivateFrameworks/IOAccelerator.framework/Versions/A/IOAccelerator
0x00000000246cb000 	/System/Library/PrivateFrameworks/IOPresentment.framework/Versions/A/IOPresentment
0x00000000246cb000 	/System/Library/PrivateFrameworks/DSExternalDisplay.framework/Versions/A/DSExternalDisplay
0x00000000246cb000 	/System/Library/Frameworks/OpenGL.framework/Versions/A/Libraries/libCoreFSCache.dylib
0x00000000246cb000 	/System/Library/Frameworks/CoreVideo.framework/Versions/A/CoreVideo
0x00000000246cb000 	/System/Library/PrivateFrameworks/GraphVisualizer.framework/Versions/A/GraphVisualizer
0x00000000246cb000 	/System/Library/Frameworks/MetalPerformanceShaders.framework/Versions/A/MetalPerformanceShaders
0x00000000246cb000 	/usr/lib/libFosl_dynamic.dylib
0x00000000246cb000 	/System/Library/PrivateFrameworks/FaceCore.framework/Versions/A/FaceCore
0x00000000246cb000 	/System/Library/Frameworks/OpenCL.framework/Versions/A/OpenCL
0x00000000246cb000 	/usr/lib/libcompression.dylib
0x00000000246cb000 	/System/Library/Frameworks/ApplicationServices.framework/Versions/A/Frameworks/ATS.framework/Versions/A/Resources/libFontParser.dylib
0x00000000246cb000 	/System/Library/Frameworks/ApplicationServices.framework/Versions/A/Frameworks/ATS.framework/Versions/A/Resources/libFontRegistry.dylib
0x00000000246cb000 	/System/Library/Frameworks/ImageIO.framework/Versions/A/Resources/libJPEG.dylib
0x00000000246cb000 	/System/Library/Frameworks/ImageIO.framework/Versions/A/Resources/libTIFF.dylib
0x00000000246cb000 	/System/Library/Frameworks/ImageIO.framework/Versions/A/Resources/libPng.dylib
0x00000000246cb000 	/System/Library/Frameworks/ImageIO.framework/Versions/A/Resources/libGIF.dylib
0x00000000246cb000 	/System/Library/Frameworks/ImageIO.framework/Versions/A/Resources/libJP2.dylib
0x00000000246cb000 	/System/Library/Frameworks/ImageIO.framework/Versions/A/Resources/libRadiance.dylib
0x00000000246cb000 	/System/Library/PrivateFrameworks/AppleJPEG.framework/Versions/A/AppleJPEG
0x00000000246cb000 	/System/Library/PrivateFrameworks/MetalTools.framework/Versions/A/MetalTools
0x00000000246cb000 	/System/Library/Frameworks/MetalPerformanceShaders.framework/Frameworks/MPSCore.framework/Versions/A/MPSCore
0x00000000246cb000 	/System/Library/Frameworks/MetalPerformanceShaders.framework/Frameworks/MPSImage.framework/Versions/A/MPSImage
0x00000000246cb000 	/System/Library/Frameworks/MetalPerformanceShaders.framework/Frameworks/MPSMatrix.framework/Versions/A/MPSMatrix
0x00000000246cb000 	/System/Library/Frameworks/MetalPerformanceShaders.framework/Frameworks/MPSNeuralNetwork.framework/Versions/A/MPSNeuralNetwork
0x00000000246cb000 	/System/Library/Frameworks/OpenGL.framework/Versions/A/Libraries/libGLU.dylib
0x00000000246cb000 	/System/Library/Frameworks/OpenGL.framework/Versions/A/Libraries/libGFXShared.dylib
0x00000000246cb000 	/System/Library/Frameworks/OpenGL.framework/Versions/A/Libraries/libGL.dylib
0x00000000246cb000 	/System/Library/Frameworks/OpenGL.framework/Versions/A/Libraries/libGLImage.dylib
0x00000000246cb000 	/System/Library/Frameworks/OpenGL.framework/Versions/A/Libraries/libCVMSPluginSupport.dylib
0x00000000246cb000 	/System/Library/Frameworks/OpenGL.framework/Versions/A/Libraries/libCoreVMClient.dylib
0x00000000246cb000 	/usr/lib/libcups.2.dylib
0x00000000246cb000 	/System/Library/Frameworks/Kerberos.framework/Versions/A/Kerberos
0x00000000246cb000 	/System/Library/Frameworks/GSS.framework/Versions/A/GSS
0x00000000246cb000 	/usr/lib/libresolv.9.dylib
0x00000000246cb000 	/usr/lib/libiconv.2.dylib
0x00000000246cb000 	/System/Library/PrivateFrameworks/Heimdal.framework/Versions/A/Heimdal
0x00000000246cb000 	/usr/lib/libheimdal-asn1.dylib
0x00000000246cb000 	/System/Library/Frameworks/OpenDirectory.framework/Versions/A/OpenDirectory
0x00000000246cb000 	/System/Library/PrivateFrameworks/CommonAuth.framework/Versions/A/CommonAuth
0x00000000246cb000 	/System/Library/Frameworks/OpenDirectory.framework/Versions/A/Frameworks/CFOpenDirectory.framework/Versions/A/CFOpenDirectory
0x00000000246cb000 	/System/Library/Frameworks/SecurityFoundation.framework/Versions/A/SecurityFoundation
0x00000000246cb000 	/System/Library/PrivateFrameworks/APFS.framework/Versions/A/APFS
0x00000000246cb000 	/usr/lib/libutil.dylib
0x00000000246cb000 	/System/Library/PrivateFrameworks/AppleSauce.framework/Versions/A/AppleSauce
0x00000000246cb000 	/System/Library/PrivateFrameworks/LinguisticData.framework/Versions/A/LinguisticData
0x00000000246cb000 	/usr/lib/libmarisa.dylib
0x00000000246cb000 	/System/Library/PrivateFrameworks/Lexicon.framework/Versions/A/Lexicon
0x00000000246cb000 	/usr/lib/libChineseTokenizer.dylib
0x00000000246cb000 	/usr/lib/libcmph.dylib
0x00000000246cb000 	/System/Library/PrivateFrameworks/LanguageModeling.framework/Versions/A/LanguageModeling
0x00000000246cb000 	/System/Library/PrivateFrameworks/CoreEmoji.framework/Versions/A/CoreEmoji
0x00000000246cb000 	/System/Library/Frameworks/ServiceManagement.framework/Versions/A/ServiceManagement
0x00000000246cb000 	/System/Library/PrivateFrameworks/BackgroundTaskManagement.framework/Versions/A/BackgroundTaskManagement
0x00000000246cb000 	/usr/lib/libxslt.1.dylib
0x00000000246cb000 	/System/Library/Frameworks/Carbon.framework/Versions/A/Frameworks/Ink.framework/Versions/A/Ink
0x00000000246cb000 	/System/Library/PrivateFrameworks/TextureIO.framework/Versions/A/TextureIO
0x00000000246cb000 	/usr/lib/libate.dylib
0x00000000246cb000 	/System/Library/PrivateFrameworks/CrashReporterSupport.framework/Versions/A/CrashReporterSupport
0x00000000246cb000 	/System/Library/PrivateFrameworks/Sharing.framework/Versions/A/Sharing
0x00000000246cb000 	/System/Library/PrivateFrameworks/IconServices.framework/Versions/A/IconServices
0x00000000246cb000 	/System/Library/PrivateFrameworks/ProtocolBuffer.framework/Versions/A/ProtocolBuffer
0x00000000246cb000 	/System/Library/PrivateFrameworks/Apple80211.framework/Versions/A/Apple80211
0x00000000246cb000 	/System/Library/Frameworks/CoreWLAN.framework/Versions/A/CoreWLAN
0x00000000246cb000 	/System/Library/PrivateFrameworks/CoreUtils.framework/Versions/A/CoreUtils
0x00000000246cb000 	/System/Library/Frameworks/IOBluetooth.framework/Versions/A/IOBluetooth
0x00000000246cb000 	/System/Library/PrivateFrameworks/CoreWiFi.framework/Versions/A/CoreWiFi
0x00000000246cb000 	/System/Library/Frameworks/CoreBluetooth.framework/Versions/A/CoreBluetooth
0x00000000246cb000 	/System/Library/PrivateFrameworks/SignpostNotification.framework/Versions/A/SignpostNotification
0x00000000246cb000 	/System/Library/PrivateFrameworks/DebugSymbols.framework/Versions/A/DebugSymbols
0x00000000246cb000 	/System/Library/PrivateFrameworks/CoreSymbolication.framework/Versions/A/CoreSymbolication
0x00000000246cb000 	/System/Library/PrivateFrameworks/Symbolication.framework/Versions/A/Symbolication
0x00000000246cb000 	/System/Library/PrivateFrameworks/AppleFSCompression.framework/Versions/A/AppleFSCompression
0x00000000246cb000 	/System/Library/PrivateFrameworks/SpeechRecognitionCore.framework/Versions/A/SpeechRecognitionCore
0x0000000105600000 	/Library/Java/JavaVirtualMachines/jdk1.8.0_45.jdk/Contents/Home/jre/lib/server/libjvm.dylib
0x00000000246cb000 	/usr/lib/libstdc++.6.0.9.dylib
0x00000001044c8000 	/Library/Java/JavaVirtualMachines/jdk1.8.0_45.jdk/Contents/Home/jre/lib/libverify.dylib
0x00000001044d6000 	/Library/Java/JavaVirtualMachines/jdk1.8.0_45.jdk/Contents/Home/jre/lib/libjava.dylib
0x000000010450c000 	/Library/Java/JavaVirtualMachines/jdk1.8.0_45.jdk/Contents/Home/jre/lib/libjdwp.dylib
0x0000000104557000 	/Library/Java/JavaVirtualMachines/jdk1.8.0_45.jdk/Contents/Home/jre/lib/libnpt.dylib
0x000000010455b000 	/Library/Java/JavaVirtualMachines/jdk1.8.0_45.jdk/Contents/Home/jre/lib/libinstrument.dylib
0x0000000106569000 	/Library/Java/JavaVirtualMachines/jdk1.8.0_45.jdk/Contents/Home/jre/lib/libzip.dylib
0x00000000246cb000 	/System/Library/Frameworks/JavaVM.framework/Versions/A/Frameworks/JavaRuntimeSupport.framework/Versions/A/JavaRuntimeSupport
0x00000000246cb000 	/System/Library/Frameworks/JavaVM.framework/Versions/A/Frameworks/JavaNativeFoundation.framework/Versions/A/JavaNativeFoundation
0x00000000246cb000 	/System/Library/Frameworks/JavaVM.framework/Versions/A/JavaVM
0x00000000246cb000 	/System/Library/Frameworks/Carbon.framework/Versions/A/Carbon
0x00000000246cb000 	/System/Library/PrivateFrameworks/JavaLaunching.framework/Versions/A/JavaLaunching
0x00000000246cb000 	/System/Library/Frameworks/Carbon.framework/Versions/A/Frameworks/CommonPanels.framework/Versions/A/CommonPanels
0x00000000246cb000 	/System/Library/Frameworks/Carbon.framework/Versions/A/Frameworks/Help.framework/Versions/A/Help
0x00000000246cb000 	/System/Library/Frameworks/Carbon.framework/Versions/A/Frameworks/ImageCapture.framework/Versions/A/ImageCapture
0x00000000246cb000 	/System/Library/Frameworks/Carbon.framework/Versions/A/Frameworks/OpenScripting.framework/Versions/A/OpenScripting
0x00000000246cb000 	/System/Library/Frameworks/Carbon.framework/Versions/A/Frameworks/Print.framework/Versions/A/Print
0x00000000246cb000 	/System/Library/Frameworks/Carbon.framework/Versions/A/Frameworks/SecurityHI.framework/Versions/A/SecurityHI
0x000000010bfc4000 	/Library/Java/JavaVirtualMachines/jdk1.8.0_45.jdk/Contents/Home/jre/lib/libdt_socket.dylib
0x000000010c5ab000 	/Library/Java/JavaVirtualMachines/jdk1.8.0_45.jdk/Contents/Home/jre/lib/libnet.dylib

VM Arguments:
jvm_args: -agentlib:jdwp=transport=dt_socket,address=127.0.0.1:64832,suspend=y,server=n -ea -Didea.test.cyclic.buffer.size=1048576 -javaagent:/Users/dmytrobunin/Library/Caches/IntelliJIdea2017.2/groovyHotSwap/gragent.jar -Dfile.encoding=UTF-8 
java_command: com.intellij.rt.execution.junit.JUnitStarter -ideVersion5 -junit4 CrawlerTest,testBookFound
java_class_path (initial): /Applications/IntelliJ IDEA.app/Contents/lib/idea_rt.jar:/Applications/IntelliJ IDEA.app/Contents/plugins/junit/lib/junit-rt.jar:/Applications/IntelliJ IDEA.app/Contents/plugins/junit/lib/junit5-rt.jar:/Library/Java/JavaVirtualMachines/jdk1.8.0_45.jdk/Contents/Home/jre/lib/charsets.jar:/Library/Java/JavaVirtualMachines/jdk1.8.0_45.jdk/Contents/Home/jre/lib/deploy.jar:/Library/Java/JavaVirtualMachines/jdk1.8.0_45.jdk/Contents/Home/jre/lib/ext/cldrdata.jar:/Library/Java/JavaVirtualMachines/jdk1.8.0_45.jdk/Contents/Home/jre/lib/ext/dnsns.jar:/Library/Java/JavaVirtualMachines/jdk1.8.0_45.jdk/Contents/Home/jre/lib/ext/jfxrt.jar:/Library/Java/JavaVirtualMachines/jdk1.8.0_45.jdk/Contents/Home/jre/lib/ext/localedata.jar:/Library/Java/JavaVirtualMachines/jdk1.8.0_45.jdk/Contents/Home/jre/lib/ext/nashorn.jar:/Library/Java/JavaVirtualMachines/jdk1.8.0_45.jdk/Contents/Home/jre/lib/ext/sunec.jar:/Library/Java/JavaVirtualMachines/jdk1.8.0_45.jdk/Contents/Home/jre/lib/ext/sunjce_provider.jar:/Library/Java/JavaVirtualMachines/jdk1.8.0_45.jdk/Contents/Home/jre/lib/ext/sunpkcs11.jar:/Library/Java/JavaVirtualMachines/jdk1.8.0_45.jdk/Contents/Home/jre/lib/ext/zipfs.jar:/Library/Java/JavaVirtualMachines/jdk1.8.0_45.jdk/Contents/Home/jre/lib/javaws.jar:/Library/Java/JavaVirtualMachines/jdk1.8.0_45.jdk/Contents/Home/jre/lib/jce.jar:/Library/Java/JavaVirtualMachines/jdk1.8.0_45.jdk/Contents/Home/jre/lib/jfr.jar:/Library/Java/JavaVirtualMachines/jdk1.8.0_45.jdk/Contents/Home/jre/lib/jfxswt.jar:/Library/Java/JavaVirtualMachines/jdk1.8.0_45.jdk/Contents/Home/jre/lib/jsse.jar:/Library/Java/JavaVirtualMachines/jdk1.8.0_45.jdk/Contents/Home/jre/lib/management-agent.jar:/Library/Java/JavaVirtualMachines/jdk1.8.0_45.jdk/Contents/Home/jre/lib/plugin.jar:/Library/Java/JavaVirtualMachines/jdk1.8.0_45.jdk/Contents/Home/jre/lib/resources.jar:/Library/Java/JavaVirtualMachines/jdk1.8.0_45.jdk/Contents/Home/jre/lib/rt.jar:/Library/Java/JavaVirtualMachines/jdk1.8.0_45.jdk/Conte
Launcher Type: SUN_STANDARD

Environment Variables:
PATH=/usr/bin:/bin:/usr/sbin:/sbin
SHELL=/bin/bash
DISPLAY=/private/tmp/com.apple.launchd.VnxdcLSFOr/org.macosforge.xquartz:0

Signal Handlers:
SIGSEGV: [libjvm.dylib+0x58ef95], sa_mask[0]=11111111011111110111111111111111, sa_flags=SA_ONSTACK|SA_RESTART|SA_SIGINFO
SIGBUS: [libjvm.dylib+0x58ef95], sa_mask[0]=11111111011111110111111111111111, sa_flags=SA_RESTART|SA_SIGINFO
SIGFPE: [libjvm.dylib+0x46c108], sa_mask[0]=11111111011111110111111111111111, sa_flags=SA_RESTART|SA_SIGINFO
SIGPIPE: [libjvm.dylib+0x46c108], sa_mask[0]=11111111011111110111111111111111, sa_flags=SA_RESTART|SA_SIGINFO
SIGXFSZ: [libjvm.dylib+0x46c108], sa_mask[0]=11111111011111110111111111111111, sa_flags=SA_RESTART|SA_SIGINFO
SIGILL: [libjvm.dylib+0x46c108], sa_mask[0]=11111111011111110111111111111111, sa_flags=SA_RESTART|SA_SIGINFO
SIGUSR1: SIG_DFL, sa_mask[0]=00000000000000000000000000000000, sa_flags=none
SIGUSR2: [libjvm.dylib+0x46bc26], sa_mask[0]=00100000000000000000000000000000, sa_flags=SA_RESTART|SA_SIGINFO
SIGHUP: [libjvm.dylib+0x46a1f9], sa_mask[0]=11111111011111110111111111111111, sa_flags=SA_RESTART|SA_SIGINFO
SIGINT: [libjvm.dylib+0x46a1f9], sa_mask[0]=11111111011111110111111111111111, sa_flags=SA_RESTART|SA_SIGINFO
SIGTERM: [libjvm.dylib+0x46a1f9], sa_mask[0]=11111111011111110111111111111111, sa_flags=SA_RESTART|SA_SIGINFO
SIGQUIT: [libjvm.dylib+0x46a1f9], sa_mask[0]=11111111011111110111111111111111, sa_flags=SA_RESTART|SA_SIGINFO


---------------  S Y S T E M  ---------------

OS:Bsduname:Darwin 17.3.0 Darwin Kernel Version 17.3.0: Thu Nov  9 18:09:22 PST 2017; root:xnu-4570.31.3~1/RELEASE_X86_64 x86_64
rlimit: STACK 8192k, CORE 0k, NPROC 1418, NOFILE 10240, AS infinity
load average:10.15 7.25 6.78

CPU:total 8 (4 cores per cpu, 2 threads per core) family 6 model 58 stepping 9, cmov, cx8, fxsr, mmx, sse, sse2, sse3, ssse3, sse4.1, sse4.2, popcnt, avx, aes, clmul, erms, ht, tsc, tscinvbit, tscinv

Memory: 4k page, physical 16777216k(306956k free)

/proc/meminfo:


vm_info: Java HotSpot(TM) 64-Bit Server VM (25.45-b02) for bsd-amd64 JRE (1.8.0_45-b14), built on Apr 10 2015 10:46:38 by "java_re" with gcc 4.2.1 (Based on Apple Inc. build 5658) (LLVM build 2336.11.00)

time: Sun Jan 14 21:35:55 2018
elapsed time: 1083 seconds (0d 0h 18m 3s)

